<?xml version="1.0" encoding="UTF-8"?>
<testsuite name="server.RestControllerTest" tests="30" skipped="0" failures="0" errors="0" timestamp="2019-04-14T20:58:03" hostname="Ilyas-MBP.Stieltjesweg.duwo.lan" time="58.179">
  <properties/>
  <testcase name="testGetAllCarsValidUser" classname="server.RestControllerTest" time="0.898"/>
  <testcase name="testStoreCar" classname="server.RestControllerTest" time="0.29"/>
  <testcase name="testRegistrationUsernameNotInUse" classname="server.RestControllerTest" time="0.499"/>
  <testcase name="testInvalidUserFood" classname="server.RestControllerTest" time="0.062"/>
  <testcase name="testStoreCarNull" classname="server.RestControllerTest" time="0.012"/>
  <testcase name="testInvalidUser" classname="server.RestControllerTest" time="0.111"/>
  <testcase name="testGetAllFoodValidUser" classname="server.RestControllerTest" time="0.304"/>
  <testcase name="testRegistrationUsernameNoyInUseSettings" classname="server.RestControllerTest" time="0.219"/>
  <testcase name="testGetAllCarsInvalidUser" classname="server.RestControllerTest" time="0.056"/>
  <testcase name="testValidUserFoodNonExistingType" classname="server.RestControllerTest" time="1.76"/>
  <testcase name="testNotExistingUser" classname="server.RestControllerTest" time="0.06"/>
  <testcase name="testDeleteNotExistingFood" classname="server.RestControllerTest" time="0.202"/>
  <testcase name="answeringGet" classname="server.RestControllerTest" time="0.236"/>
  <testcase name="testGetAllFoodInvalidUser" classname="server.RestControllerTest" time="0.065"/>
  <testcase name="testValidUser" classname="server.RestControllerTest" time="0.181"/>
  <testcase name="testDeleteExistingCar" classname="server.RestControllerTest" time="0.68"/>
  <testcase name="testValidUserFoodPascetarian" classname="server.RestControllerTest" time="1.096"/>
  <testcase name="testValidUserFoodVegetarian" classname="server.RestControllerTest" time="1.009"/>
  <testcase name="testValidUserFoodMediumMeat" classname="server.RestControllerTest" time="0.974"/>
  <testcase name="testValidUserFoodHighMeat" classname="server.RestControllerTest" time="0.94"/>
  <testcase name="testDeleteNotExistingCar" classname="server.RestControllerTest" time="0.145"/>
  <testcase name="testValidUserFoodLowMeat" classname="server.RestControllerTest" time="0.917"/>
  <testcase name="testValidUserFoodVegetarianAllZeros" classname="server.RestControllerTest" time="0.729"/>
  <testcase name="testRegistrationUsernameDelete" classname="server.RestControllerTest" time="0.565"/>
  <testcase name="answeringPost" classname="server.RestControllerTest" time="0.029"/>
  <testcase name="testRegistrationUsernameInUse" classname="server.RestControllerTest" time="0.057"/>
  <testcase name="retrieveUserInfoTest" classname="server.RestControllerTest" time="0.222"/>
  <testcase name="testValidUserFoodVegan" classname="server.RestControllerTest" time="0.928"/>
  <testcase name="testingJsonGetRequest" classname="server.RestControllerTest" time="0.011"/>
  <testcase name="testDeleteExistingFood" classname="server.RestControllerTest" time="44.898"/>
  <system-out><![CDATA[22:57:51.695 [Test worker] DEBUG org.springframework.test.context.junit4.SpringJUnit4ClassRunner - SpringJUnit4ClassRunner constructor called with [class server.RestControllerTest]
22:57:51.713 [Test worker] DEBUG org.springframework.test.context.BootstrapUtils - Instantiating CacheAwareContextLoaderDelegate from class [org.springframework.test.context.cache.DefaultCacheAwareContextLoaderDelegate]
22:57:51.741 [Test worker] DEBUG org.springframework.test.context.BootstrapUtils - Instantiating BootstrapContext using constructor [public org.springframework.test.context.support.DefaultBootstrapContext(java.lang.Class,org.springframework.test.context.CacheAwareContextLoaderDelegate)]
22:57:51.795 [Test worker] DEBUG org.springframework.test.context.BootstrapUtils - Instantiating TestContextBootstrapper for test class [server.RestControllerTest] from class [org.springframework.boot.test.context.SpringBootTestContextBootstrapper]
22:57:51.817 [Test worker] INFO org.springframework.boot.test.context.SpringBootTestContextBootstrapper - Neither @ContextConfiguration nor @ContextHierarchy found for test class [server.RestControllerTest], using SpringBootContextLoader
22:57:51.825 [Test worker] DEBUG org.springframework.test.context.support.AbstractContextLoader - Did not detect default resource location for test class [server.RestControllerTest]: class path resource [server/RestControllerTest-context.xml] does not exist
22:57:51.826 [Test worker] DEBUG org.springframework.test.context.support.AbstractContextLoader - Did not detect default resource location for test class [server.RestControllerTest]: class path resource [server/RestControllerTestContext.groovy] does not exist
22:57:51.827 [Test worker] INFO org.springframework.test.context.support.AbstractContextLoader - Could not detect default resource locations for test class [server.RestControllerTest]: no resource found for suffixes {-context.xml, Context.groovy}.
22:57:51.829 [Test worker] INFO org.springframework.test.context.support.AnnotationConfigContextLoaderUtils - Could not detect default configuration classes for test class [server.RestControllerTest]: RestControllerTest does not declare any static, non-private, non-final, nested classes annotated with @Configuration.
22:57:51.922 [Test worker] DEBUG org.springframework.test.context.support.ActiveProfilesUtils - Could not find an 'annotation declaring class' for annotation type [org.springframework.test.context.ActiveProfiles] and class [server.RestControllerTest]
22:57:52.096 [Test worker] DEBUG org.springframework.context.annotation.ClassPathScanningCandidateComponentProvider - Identified candidate component class: file [/Users/ilya/Desktop/OOP/gogreen_group5/server/build/classes/java/main/server/ServerApplication.class]
22:57:52.098 [Test worker] INFO org.springframework.boot.test.context.SpringBootTestContextBootstrapper - Found @SpringBootConfiguration server.ServerApplication for test class server.RestControllerTest
22:57:52.304 [Test worker] DEBUG org.springframework.boot.test.context.SpringBootTestContextBootstrapper - @TestExecutionListeners is not present for class [server.RestControllerTest]: using defaults.
22:57:52.305 [Test worker] INFO org.springframework.boot.test.context.SpringBootTestContextBootstrapper - Loaded default TestExecutionListener class names from location [META-INF/spring.factories]: [org.springframework.boot.test.autoconfigure.restdocs.RestDocsTestExecutionListener, org.springframework.boot.test.autoconfigure.web.client.MockRestServiceServerResetTestExecutionListener, org.springframework.boot.test.autoconfigure.web.servlet.MockMvcPrintOnlyOnFailureTestExecutionListener, org.springframework.boot.test.autoconfigure.web.servlet.WebDriverTestExecutionListener, org.springframework.boot.test.mock.mockito.MockitoTestExecutionListener, org.springframework.boot.test.mock.mockito.ResetMocksTestExecutionListener, org.springframework.test.context.web.ServletTestExecutionListener, org.springframework.test.context.support.DirtiesContextBeforeModesTestExecutionListener, org.springframework.test.context.support.DependencyInjectionTestExecutionListener, org.springframework.test.context.support.DirtiesContextTestExecutionListener, org.springframework.test.context.transaction.TransactionalTestExecutionListener, org.springframework.test.context.jdbc.SqlScriptsTestExecutionListener]
22:57:52.344 [Test worker] INFO org.springframework.boot.test.context.SpringBootTestContextBootstrapper - Using TestExecutionListeners: [org.springframework.test.context.web.ServletTestExecutionListener@39ec0f94, org.springframework.test.context.support.DirtiesContextBeforeModesTestExecutionListener@359be9ba, org.springframework.boot.test.mock.mockito.MockitoTestExecutionListener@1f8262eb, org.springframework.boot.test.autoconfigure.SpringBootDependencyInjectionTestExecutionListener@2c3bb159, org.springframework.test.context.support.DirtiesContextTestExecutionListener@75f29be5, org.springframework.test.context.transaction.TransactionalTestExecutionListener@1f4e6ad8, org.springframework.test.context.jdbc.SqlScriptsTestExecutionListener@13d7d6e0, org.springframework.boot.test.autoconfigure.restdocs.RestDocsTestExecutionListener@62170cba, org.springframework.boot.test.autoconfigure.web.client.MockRestServiceServerResetTestExecutionListener@35b8eae, org.springframework.boot.test.autoconfigure.web.servlet.MockMvcPrintOnlyOnFailureTestExecutionListener@6faf2cb7, org.springframework.boot.test.autoconfigure.web.servlet.WebDriverTestExecutionListener@42e29774, org.springframework.boot.test.mock.mockito.ResetMocksTestExecutionListener@18ca314e]
22:57:52.350 [Test worker] DEBUG org.springframework.test.annotation.ProfileValueUtils - Retrieved @ProfileValueSourceConfiguration [null] for test class [server.RestControllerTest]
22:57:52.350 [Test worker] DEBUG org.springframework.test.annotation.ProfileValueUtils - Retrieved ProfileValueSource type [class org.springframework.test.annotation.SystemProfileValueSource] for class [server.RestControllerTest]
22:57:52.352 [Test worker] DEBUG org.springframework.test.annotation.ProfileValueUtils - Retrieved @ProfileValueSourceConfiguration [null] for test class [server.RestControllerTest]
22:57:52.352 [Test worker] DEBUG org.springframework.test.annotation.ProfileValueUtils - Retrieved ProfileValueSource type [class org.springframework.test.annotation.SystemProfileValueSource] for class [server.RestControllerTest]
22:57:52.367 [Test worker] DEBUG org.springframework.test.context.support.AbstractDirtiesContextTestExecutionListener - Before test class: context [DefaultTestContext@47ea9193 testClass = RestControllerTest, testInstance = [null], testMethod = [null], testException = [null], mergedContextConfiguration = [WebMergedContextConfiguration@255a6be8 testClass = RestControllerTest, locations = '{}', classes = '{class server.ServerApplication}', contextInitializerClasses = '[]', activeProfiles = '{}', propertySourceLocations = '{}', propertySourceProperties = '{org.springframework.boot.test.context.SpringBootTestContextBootstrapper=true}', contextCustomizers = set[org.springframework.boot.test.autoconfigure.properties.PropertyMappingContextCustomizer@0, org.springframework.boot.test.autoconfigure.web.servlet.WebDriverContextCustomizerFactory$Customizer@51aca043, [ImportsContextCustomizer@6eb9c5f7 key = [@org.springframework.boot.autoconfigure.AutoConfigurationPackage(), @org.springframework.test.context.BootstrapWith(value=org.springframework.boot.test.context.SpringBootTestContextBootstrapper.class), @org.springframework.boot.test.context.SpringBootTest(webEnvironment=DEFINED_PORT, value={}, properties={}, classes={}), @org.springframework.context.annotation.Import(value={org.springframework.boot.autoconfigure.AutoConfigurationPackages$Registrar.class}), @org.springframework.context.annotation.Import(value={org.springframework.boot.autoconfigure.AutoConfigurationImportSelector.class}), @org.springframework.boot.autoconfigure.EnableAutoConfiguration(exclude={}, excludeName={}), @org.junit.runner.RunWith(value=org.springframework.test.context.junit4.SpringRunner.class)]], org.springframework.boot.test.context.filter.ExcludeFilterContextCustomizer@5f137f24, org.springframework.boot.test.json.DuplicateJsonObjectContextCustomizerFactory$DuplicateJsonObjectContextCustomizer@19d632ec, org.springframework.boot.test.mock.mockito.MockitoContextCustomizer@0, org.springframework.boot.test.web.client.TestRestTemplateContextCustomizer@c8b7746], resourceBasePath = 'src/main/webapp', contextLoader = 'org.springframework.boot.test.context.SpringBootContextLoader', parent = [null]], attributes = map['org.springframework.test.context.web.ServletTestExecutionListener.activateListener' -> false]], class annotated with @DirtiesContext [false] with mode [null].
22:57:52.368 [Test worker] DEBUG org.springframework.test.annotation.ProfileValueUtils - Retrieved @ProfileValueSourceConfiguration [null] for test class [server.RestControllerTest]
22:57:52.369 [Test worker] DEBUG org.springframework.test.annotation.ProfileValueUtils - Retrieved ProfileValueSource type [class org.springframework.test.annotation.SystemProfileValueSource] for class [server.RestControllerTest]
22:57:52.916 [Test worker] DEBUG org.springframework.test.context.support.DependencyInjectionTestExecutionListener - Performing dependency injection for test context [[DefaultTestContext@47ea9193 testClass = RestControllerTest, testInstance = server.RestControllerTest@79a17505, testMethod = [null], testException = [null], mergedContextConfiguration = [WebMergedContextConfiguration@255a6be8 testClass = RestControllerTest, locations = '{}', classes = '{class server.ServerApplication}', contextInitializerClasses = '[]', activeProfiles = '{}', propertySourceLocations = '{}', propertySourceProperties = '{org.springframework.boot.test.context.SpringBootTestContextBootstrapper=true}', contextCustomizers = set[org.springframework.boot.test.autoconfigure.properties.PropertyMappingContextCustomizer@0, org.springframework.boot.test.autoconfigure.web.servlet.WebDriverContextCustomizerFactory$Customizer@51aca043, [ImportsContextCustomizer@6eb9c5f7 key = [@org.springframework.boot.autoconfigure.AutoConfigurationPackage(), @org.springframework.test.context.BootstrapWith(value=org.springframework.boot.test.context.SpringBootTestContextBootstrapper.class), @org.springframework.boot.test.context.SpringBootTest(webEnvironment=DEFINED_PORT, value={}, properties={}, classes={}), @org.springframework.context.annotation.Import(value={org.springframework.boot.autoconfigure.AutoConfigurationPackages$Registrar.class}), @org.springframework.context.annotation.Import(value={org.springframework.boot.autoconfigure.AutoConfigurationImportSelector.class}), @org.springframework.boot.autoconfigure.EnableAutoConfiguration(exclude={}, excludeName={}), @org.junit.runner.RunWith(value=org.springframework.test.context.junit4.SpringRunner.class)]], org.springframework.boot.test.context.filter.ExcludeFilterContextCustomizer@5f137f24, org.springframework.boot.test.json.DuplicateJsonObjectContextCustomizerFactory$DuplicateJsonObjectContextCustomizer@19d632ec, org.springframework.boot.test.mock.mockito.MockitoContextCustomizer@0, org.springframework.boot.test.web.client.TestRestTemplateContextCustomizer@c8b7746], resourceBasePath = 'src/main/webapp', contextLoader = 'org.springframework.boot.test.context.SpringBootContextLoader', parent = [null]], attributes = map['org.springframework.test.context.web.ServletTestExecutionListener.activateListener' -> false]]].
22:57:52.963 [Test worker] DEBUG org.springframework.test.context.support.TestPropertySourceUtils - Adding inlined properties to environment: {spring.jmx.enabled=false, org.springframework.boot.test.context.SpringBootTestContextBootstrapper=true}

  .   ____          _            __ _ _
 /\\ / ___'_ __ _ _(_)_ __  __ _ \ \ \ \
( ( )\___ | '_ | '_| | '_ \/ _` | \ \ \ \
 \\/  ___)| |_)| | | | | || (_| |  ) ) ) )
  '  |____| .__|_| |_|_| |_\__, | / / / /
 =========|_|==============|___/=/_/_/_/
 :: Spring Boot ::        (v2.1.3.RELEASE)

2019-04-14 22:57:53.499  WARN 17085 --- [    Test worker] ory$DuplicateJsonObjectContextCustomizer : 

Found multiple occurrences of org.json.JSONObject on the class path:

	jar:file:/Users/ilya/.gradle/caches/modules-2/files-2.1/org.json/json/20160212/a742e3f85161835b95877478c5dd5b405cefaab9/json-20160212.jar!/org/json/JSONObject.class
	jar:file:/Users/ilya/.gradle/caches/modules-2/files-2.1/com.vaadin.external.google/android-json/0.0.20131108.vaadin1/fa26d351fe62a6a17f5cda1287c1c6110dec413f/android-json-0.0.20131108.vaadin1.jar!/org/json/JSONObject.class

You may wish to exclude one of them to ensure predictable runtime behavior

2019-04-14 22:57:53.519  INFO 17085 --- [    Test worker] server.RestControllerTest                : Starting RestControllerTest on Ilyas-MBP.Stieltjesweg.duwo.lan with PID 17085 (started by ilya in /Users/ilya/Desktop/OOP/gogreen_group5/server)
2019-04-14 22:57:53.521  INFO 17085 --- [    Test worker] server.RestControllerTest                : No active profile set, falling back to default profiles: default
2019-04-14 22:57:54.616  INFO 17085 --- [    Test worker] .s.d.r.c.RepositoryConfigurationDelegate : Bootstrapping Spring Data repositories in DEFAULT mode.
2019-04-14 22:57:54.788  INFO 17085 --- [    Test worker] .s.d.r.c.RepositoryConfigurationDelegate : Finished Spring Data repository scanning in 154ms. Found 16 repository interfaces.
2019-04-14 22:57:55.523  INFO 17085 --- [    Test worker] trationDelegate$BeanPostProcessorChecker : Bean 'org.springframework.transaction.annotation.ProxyTransactionManagementConfiguration' of type [org.springframework.transaction.annotation.ProxyTransactionManagementConfiguration$$EnhancerBySpringCGLIB$$95e7908a] is not eligible for getting processed by all BeanPostProcessors (for example: not eligible for auto-proxying)
2019-04-14 22:57:56.330  INFO 17085 --- [    Test worker] o.s.b.w.embedded.tomcat.TomcatWebServer  : Tomcat initialized with port(s): 8080 (http)
2019-04-14 22:57:56.383  INFO 17085 --- [    Test worker] o.apache.catalina.core.StandardService   : Starting service [Tomcat]
2019-04-14 22:57:56.384  INFO 17085 --- [    Test worker] org.apache.catalina.core.StandardEngine  : Starting Servlet engine: [Apache Tomcat/9.0.16]
2019-04-14 22:57:56.408  INFO 17085 --- [    Test worker] o.a.catalina.core.AprLifecycleListener   : The APR based Apache Tomcat Native library which allows optimal performance in production environments was not found on the java.library.path: [/Users/ilya/Library/Java/Extensions:/Library/Java/Extensions:/Network/Library/Java/Extensions:/System/Library/Java/Extensions:/usr/lib/java:.]
2019-04-14 22:57:56.615  INFO 17085 --- [    Test worker] o.a.c.c.C.[Tomcat].[localhost].[/]       : Initializing Spring embedded WebApplicationContext
2019-04-14 22:57:56.615  INFO 17085 --- [    Test worker] o.s.web.context.ContextLoader            : Root WebApplicationContext: initialization completed in 3063 ms
2019-04-14 22:57:57.035  INFO 17085 --- [    Test worker] com.zaxxer.hikari.HikariDataSource       : HikariPool-1 - Starting...
2019-04-14 22:57:57.766  INFO 17085 --- [    Test worker] com.zaxxer.hikari.HikariDataSource       : HikariPool-1 - Start completed.
2019-04-14 22:57:57.898  INFO 17085 --- [    Test worker] o.hibernate.jpa.internal.util.LogHelper  : HHH000204: Processing PersistenceUnitInfo [
	name: default
	...]
2019-04-14 22:57:58.018  INFO 17085 --- [    Test worker] org.hibernate.Version                    : HHH000412: Hibernate Core {5.3.7.Final}
2019-04-14 22:57:58.020  INFO 17085 --- [    Test worker] org.hibernate.cfg.Environment            : HHH000206: hibernate.properties not found
2019-04-14 22:57:58.279  INFO 17085 --- [    Test worker] o.hibernate.annotations.common.Version   : HCANN000001: Hibernate Commons Annotations {5.0.4.Final}
2019-04-14 22:57:58.533  INFO 17085 --- [    Test worker] org.hibernate.dialect.Dialect            : HHH000400: Using dialect: org.hibernate.dialect.PostgreSQL9Dialect
2019-04-14 22:57:58.560  INFO 17085 --- [    Test worker] o.h.e.j.e.i.LobCreatorBuilderImpl        : HHH000422: Disabling contextual LOB creation as connection was null
2019-04-14 22:57:58.568  INFO 17085 --- [    Test worker] org.hibernate.type.BasicTypeRegistry     : HHH000270: Type registration [java.util.UUID] overrides previous : org.hibernate.type.UUIDBinaryType@4273ad6e
2019-04-14 22:57:58.844  WARN 17085 --- [    Test worker] org.hibernate.mapping.RootClass          : HHH000038: Composite-id class does not override equals(): server.envy.me.userachievements.UserAchievementsCompositeKey
2019-04-14 22:57:58.844  WARN 17085 --- [    Test worker] org.hibernate.mapping.RootClass          : HHH000039: Composite-id class does not override hashCode(): server.envy.me.userachievements.UserAchievementsCompositeKey
2019-04-14 22:57:58.845  WARN 17085 --- [    Test worker] org.hibernate.mapping.RootClass          : HHH000038: Composite-id class does not override equals(): server.envy.me.userbadges.UserBadgesCompositeKey
2019-04-14 22:57:58.846  WARN 17085 --- [    Test worker] org.hibernate.mapping.RootClass          : HHH000039: Composite-id class does not override hashCode(): server.envy.me.userbadges.UserBadgesCompositeKey
2019-04-14 22:57:58.847  WARN 17085 --- [    Test worker] org.hibernate.mapping.RootClass          : HHH000038: Composite-id class does not override equals(): server.envy.me.userutilities.UserUtilitiesCompositeKey
2019-04-14 22:57:58.847  WARN 17085 --- [    Test worker] org.hibernate.mapping.RootClass          : HHH000039: Composite-id class does not override hashCode(): server.envy.me.userutilities.UserUtilitiesCompositeKey
2019-04-14 22:57:58.848  WARN 17085 --- [    Test worker] org.hibernate.mapping.RootClass          : HHH000038: Composite-id class does not override equals(): server.envy.me.userfriends.UserFriendsMapping
2019-04-14 22:57:58.849  WARN 17085 --- [    Test worker] org.hibernate.mapping.RootClass          : HHH000039: Composite-id class does not override hashCode(): server.envy.me.userfriends.UserFriendsMapping
2019-04-14 22:58:01.768  INFO 17085 --- [    Test worker] j.LocalContainerEntityManagerFactoryBean : Initialized JPA EntityManagerFactory for persistence unit 'default'
2019-04-14 22:58:03.101  INFO 17085 --- [    Test worker] o.s.s.concurrent.ThreadPoolTaskExecutor  : Initializing ExecutorService 'applicationTaskExecutor'
2019-04-14 22:58:03.195  WARN 17085 --- [    Test worker] aWebConfiguration$JpaWebMvcConfiguration : spring.jpa.open-in-view is enabled by default. Therefore, database queries may be performed during view rendering. Explicitly configure spring.jpa.open-in-view to disable this warning
2019-04-14 22:58:03.880  INFO 17085 --- [    Test worker] o.s.b.w.embedded.tomcat.TomcatWebServer  : Tomcat started on port(s): 8080 (http) with context path ''
2019-04-14 22:58:03.886  INFO 17085 --- [    Test worker] server.RestControllerTest                : Started RestControllerTest in 10.91 seconds (JVM running for 13.417)
2019-04-14 22:58:04.013  INFO 17085 --- [    Test worker] o.a.c.c.C.[Tomcat].[localhost].[/]       : Initializing Spring TestDispatcherServlet ''
2019-04-14 22:58:04.013  INFO 17085 --- [    Test worker] o.s.t.web.servlet.TestDispatcherServlet  : Initializing Servlet ''
2019-04-14 22:58:04.030  INFO 17085 --- [    Test worker] o.s.t.web.servlet.TestDispatcherServlet  : Completed initialization in 17 ms
2019-04-14 22:58:04.147  INFO 17085 --- [    Test worker] o.h.h.i.QueryTranslatorFactoryInitiator  : HHH000397: Using ASTQueryTranslatorFactory
2019-04-14 22:58:04.797  INFO 17085 --- [    Test worker] o.a.c.c.C.[Tomcat].[localhost].[/]       : Initializing Spring TestDispatcherServlet ''
2019-04-14 22:58:04.797  INFO 17085 --- [    Test worker] o.s.t.web.servlet.TestDispatcherServlet  : Initializing Servlet ''
2019-04-14 22:58:04.801  INFO 17085 --- [    Test worker] o.s.t.web.servlet.TestDispatcherServlet  : Completed initialization in 4 ms
2019-04-14 22:58:05.088  INFO 17085 --- [    Test worker] o.a.c.c.C.[Tomcat].[localhost].[/]       : Initializing Spring TestDispatcherServlet ''
2019-04-14 22:58:05.088  INFO 17085 --- [    Test worker] o.s.t.web.servlet.TestDispatcherServlet  : Initializing Servlet ''
2019-04-14 22:58:05.091  INFO 17085 --- [    Test worker] o.s.t.web.servlet.TestDispatcherServlet  : Completed initialization in 3 ms
Login Info user: newRegUser saved in the database
Registration Info user: newRegUser saved in the database
newRegUser stored in the leaderboard.
2019-04-14 22:58:05.588  INFO 17085 --- [    Test worker] o.a.c.c.C.[Tomcat].[localhost].[/]       : Initializing Spring TestDispatcherServlet ''
2019-04-14 22:58:05.588  INFO 17085 --- [    Test worker] o.s.t.web.servlet.TestDispatcherServlet  : Initializing Servlet ''
2019-04-14 22:58:05.591  INFO 17085 --- [    Test worker] o.s.t.web.servlet.TestDispatcherServlet  : Completed initialization in 3 ms
2019-04-14 22:58:05.651  INFO 17085 --- [    Test worker] o.a.c.c.C.[Tomcat].[localhost].[/]       : Initializing Spring TestDispatcherServlet ''
2019-04-14 22:58:05.652  INFO 17085 --- [    Test worker] o.s.t.web.servlet.TestDispatcherServlet  : Initializing Servlet ''
2019-04-14 22:58:05.655  INFO 17085 --- [    Test worker] o.s.t.web.servlet.TestDispatcherServlet  : Completed initialization in 3 ms
2019-04-14 22:58:05.664  INFO 17085 --- [    Test worker] o.a.c.c.C.[Tomcat].[localhost].[/]       : Initializing Spring TestDispatcherServlet ''
2019-04-14 22:58:05.664  INFO 17085 --- [    Test worker] o.s.t.web.servlet.TestDispatcherServlet  : Initializing Servlet ''
2019-04-14 22:58:05.667  INFO 17085 --- [    Test worker] o.s.t.web.servlet.TestDispatcherServlet  : Completed initialization in 3 ms
2019-04-14 22:58:05.776  INFO 17085 --- [    Test worker] o.a.c.c.C.[Tomcat].[localhost].[/]       : Initializing Spring TestDispatcherServlet ''
2019-04-14 22:58:05.776  INFO 17085 --- [    Test worker] o.s.t.web.servlet.TestDispatcherServlet  : Initializing Servlet ''
2019-04-14 22:58:05.779  INFO 17085 --- [    Test worker] o.s.t.web.servlet.TestDispatcherServlet  : Completed initialization in 3 ms
2019-04-14 22:58:06.081  INFO 17085 --- [    Test worker] o.a.c.c.C.[Tomcat].[localhost].[/]       : Initializing Spring TestDispatcherServlet ''
2019-04-14 22:58:06.081  INFO 17085 --- [    Test worker] o.s.t.web.servlet.TestDispatcherServlet  : Initializing Servlet ''
2019-04-14 22:58:06.085  INFO 17085 --- [    Test worker] o.s.t.web.servlet.TestDispatcherServlet  : Completed initialization in 4 ms
2019-04-14 22:58:06.301  INFO 17085 --- [    Test worker] o.a.c.c.C.[Tomcat].[localhost].[/]       : Initializing Spring TestDispatcherServlet ''
2019-04-14 22:58:06.301  INFO 17085 --- [    Test worker] o.s.t.web.servlet.TestDispatcherServlet  : Initializing Servlet ''
2019-04-14 22:58:06.304  INFO 17085 --- [    Test worker] o.s.t.web.servlet.TestDispatcherServlet  : Completed initialization in 3 ms
2019-04-14 22:58:06.357  INFO 17085 --- [    Test worker] o.a.c.c.C.[Tomcat].[localhost].[/]       : Initializing Spring TestDispatcherServlet ''
2019-04-14 22:58:06.357  INFO 17085 --- [    Test worker] o.s.t.web.servlet.TestDispatcherServlet  : Initializing Servlet ''
2019-04-14 22:58:06.360  INFO 17085 --- [    Test worker] o.s.t.web.servlet.TestDispatcherServlet  : Completed initialization in 3 ms
2019-04-14 22:58:06.407
MeatFishEggs: 0.3 Cereals: 0.1 Veggies: 0.0 Snacks: 0.6 Dairy: 0.0 Total: 1.0

Sending 'GET' request to URL : https://apis.berkeley.edu/coolclimate/footprint?input_location_mode=1&input_location=99500&input_income=1&input_size=0&input_footprint_household_adults=0&input_footprint_housing_squarefeet=0&input_footprint_housing_electricity_dollars=0&input_footprint_housing_naturalgas_dollars=0&input_footprint_shopping_food_meatfisheggs=172&input_footprint_shopping_food_dairy=0&input_footprint_shopping_food_otherfood=345&input_footprint_shopping_food_fruitvegetables=0&input_footprint_shopping_food_cereals=57&input_footprint_housing_watersewage=0&input_footprint_housing_cleanpercent=0&input_takeaction_assumption_kwhprice=0&input_takeaction_assumption_price_of_gasoline=0.0&input_takeaction_assumption_ngprice=0.0&input_footprint_transportation_num_vehicles=0&input_footprint_transportation_fuel1=0&input_footprint_transportation_mpg1=0&input_footprint_transportation_miles1=0&internal_state_abbreviation=AK&input_takeaction_switch_to_cfl=0&input_takeaction_maintain_my_vehicles=0&input_takeaction_more_efficient_vehicle=0&input_takeaction_reduce_air_travel=0&input_takeaction_telecommute_to_work=0&input_takeaction_thermostat_summer=0&input_takeaction_offset_housing=0&input_takeaction_energy_star_fridge=0&input_takeaction_thermostat_winter=0&input_takeaction_offset_transportation=0&input_takeaction_ride_my_bike=0&input_takeaction_purchase_green_electricity=0&input_takeaction_take_public_transportation=0&input_takeaction_carpool_to_work=0&input_takeaction_practice_eco_driving=0&input_footprint_household_children=0&input_footprint_housing_heatingoil_dollars=0&input_footprint_housing_hdd=0&input_footprint_housing_cdd=0&input_footprint_transportation_airtotal=0&input_footprint_transportation_publictrans=0&input_changed=0&input_footprint_transportation_num_vehicles=0&input_footprint_transportation_fuel2=1&input_footprint_transportation_fuel3=1&input_footprint_transportation_miles2=0&input_footprint_transportation_miles3=0&input_footprint_transportation_miles4=0&input_footprint_transportation_mpg2=0&input_footprint_transportation_mpg3=0&input_footprint_transportation_mpg4=0&input_footprint_transportation_fuel4=1&input_footprint_transportation_miles5=0&input_footprint_transportation_mpg5=0&input_footprint_transportation_fuel5=1&input_footprint_transportation_miles6=0&input_footprint_transportation_mpg6=0&input_footprint_transportation_fuel6=1&input_footprint_transportation_miles7=0&input_footprint_transportation_mpg7=0&input_footprint_transportation_fuel7=1&input_footprint_transportation_miles8=0&input_footprint_transportation_mpg8=0&input_footprint_transportation_fuel8=1&input_footprint_transportation_miles9=0&input_footprint_transportation_mpg9=0&input_footprint_transportation_fuel9=1&input_footprint_transportation_miles10=0&input_footprint_transportation_mpg10=0&input_footprint_transportation_fuel10=1&input_footprint_transportation_airtype=simple&input_footprint_transportation_groundtype=simple&input_footprint_housing_electricity_type=0&input_footprint_housing_naturalgas_type=0&input_footprint_housing_heatingoil_type=0&input_footprint_housing_heatingoil_dollars_per_gallon=4&input_footprint_shopping_food_meattype=simple&input_footprint_shopping_goods_default_furnitureappliances=0&input_footprint_shopping_goods_default_clothing=0&input_footprint_shopping_goods_default_other_entertainment=0&input_footprint_shopping_goods_default_other_office=0&input_footprint_shopping_goods_default_other_personalcare=0&input_footprint_shopping_goods_default_other_autoparts=0&input_footprint_shopping_goods_default_other_medical=0&input_footprint_shopping_goods_type=advanced&input_footprint_shopping_goods_total=0&input_footprint_shopping_services_type=simple&input_footprint_shopping_services_total=0&input_footprint_housing_gco2_per_kwh=1000
<?xml version="1.0" encoding="UTF-8"?><response><result_motor_vehicles_direct>0</result_motor_vehicles_direct><result_motor_vehicles_indirect>0</result_motor_vehicles_indirect><result_vehicle_manufact>0</result_vehicle_manufact><input_footprint_transportation_airshort>0</input_footprint_transportation_airshort><input_footprint_transportation_airmedium>0</input_footprint_transportation_airmedium><input_footprint_transportation_airlong>0</input_footprint_transportation_airlong><input_footprint_transportation_airextended>0</input_footprint_transportation_airextended><result_air_travel_direct>0</result_air_travel_direct><result_air_travel_indirect>0</result_air_travel_indirect><input_footprint_transportation_intercity>0</input_footprint_transportation_intercity><input_footprint_transportation_transit>0</input_footprint_transportation_transit><input_footprint_transportation_commuter>0</input_footprint_transportation_commuter><input_footprint_transportation_bus>0</input_footprint_transportation_bus><result_publictrans_direct>0</result_publictrans_direct><result_publictrans_indirect>0</result_publictrans_indirect><input_footprint_housing_electricity_kwh>0</input_footprint_housing_electricity_kwh><input_footprint_housing_naturalgas_cuft>0</input_footprint_housing_naturalgas_cuft><input_footprint_housing_naturalgas_therms>0</input_footprint_housing_naturalgas_therms><input_footprint_housing_heatingoil_gallons>0</input_footprint_housing_heatingoil_gallons><result_electricity_direct>0</result_electricity_direct><result_electricity_indirect>0</result_electricity_indirect><result_natgas_direct>0</result_natgas_direct><result_natgas_indirect>0</result_natgas_indirect><result_heatingoil_direct>0</result_heatingoil_direct><result_heatingoil_indirect>0</result_heatingoil_indirect><result_watersewage>0</result_watersewage><result_shelter>0</result_shelter><result_food_meat>0.347173</result_food_meat><input_footprint_shopping_food_meat_beefpork>0</input_footprint_shopping_food_meat_beefpork><input_footprint_shopping_food_meat_poultry>0</input_footprint_shopping_food_meat_poultry><input_footprint_shopping_food_meat_other>0</input_footprint_shopping_food_meat_other><input_footprint_shopping_food_meat_fish>0</input_footprint_shopping_food_meat_fish><result_food_dairy>0</result_food_dairy><result_food_other>0.282072</result_food_other><result_food_fruitsveg>0</result_food_fruitsveg><result_food_cereals>0.030167</result_food_cereals><input_footprint_shopping_goods_furnitureappliances>0</input_footprint_shopping_goods_furnitureappliances><input_footprint_shopping_goods_clothing>0</input_footprint_shopping_goods_clothing><input_footprint_shopping_goods_other_entertainment>0</input_footprint_shopping_goods_other_entertainment><input_footprint_shopping_goods_other_office>0</input_footprint_shopping_goods_other_office><input_footprint_shopping_goods_other_personalcare>0</input_footprint_shopping_goods_other_personalcare><input_footprint_shopping_goods_other_autoparts>0</input_footprint_shopping_goods_other_autoparts><input_footprint_shopping_goods_other_medical>0</input_footprint_shopping_goods_other_medical><input_footprint_shopping_goods_other_total>0</input_footprint_shopping_goods_other_total><result_goods_clothing>0</result_goods_clothing><result_goods_furniture>0</result_goods_furniture><result_goods_other>0</result_goods_other><result_services_all>0</result_services_all><result_transport_total>0</result_transport_total><result_housing_total>0</result_housing_total><result_food_total>0.659413</result_food_total><result_goods_total>0</result_goods_total><result_services_total>0</result_services_total><result_grand_total>0.659413</result_grand_total><input_takeaction_assumption_price_of_gasoline>3</input_takeaction_assumption_price_of_gasoline><input_takeaction_assumption_kwhprice/><input_takeaction_assumption_ngprice/><input_takeaction_assumption_discountrate>8</input_takeaction_assumption_discountrate><input_takeaction_assumption_inflationrate>3</input_takeaction_assumption_inflationrate><input_takeaction_more_efficient_vehicle>0</input_takeaction_more_efficient_vehicle><input_takeaction_more_efficient_vehicle_miles_old>0</input_takeaction_more_efficient_vehicle_miles_old><input_takeaction_more_efficient_vehicle_mpg_old>0</input_takeaction_more_efficient_vehicle_mpg_old><input_takeaction_more_efficient_vehicle_miles_new>0</input_takeaction_more_efficient_vehicle_miles_new><input_takeaction_more_efficient_vehicle_mpg_new>10</input_takeaction_more_efficient_vehicle_mpg_new><input_takeaction_more_efficient_vehicle_sell>10000</input_takeaction_more_efficient_vehicle_sell><input_takeaction_more_efficient_vehicle_purchase>12000</input_takeaction_more_efficient_vehicle_purchase><input_takeaction_telecommute_to_work>0</input_takeaction_telecommute_to_work><input_takeaction_telecommute_to_work_miles>20</input_takeaction_telecommute_to_work_miles><input_takeaction_telecommute_to_work_days>4</input_takeaction_telecommute_to_work_days><input_takeaction_telecommute_to_work_mpg>0</input_takeaction_telecommute_to_work_mpg><input_takeaction_telecommute_to_work_times>2</input_takeaction_telecommute_to_work_times><input_takeaction_telecommute_to_work_worth>0</input_takeaction_telecommute_to_work_worth><input_takeaction_telecommute_to_work_parking>20</input_takeaction_telecommute_to_work_parking><input_takeaction_ride_my_bike>0</input_takeaction_ride_my_bike><input_takeaction_ride_my_bike_mpg>0</input_takeaction_ride_my_bike_mpg><input_takeaction_ride_my_bike_miles>20</input_takeaction_ride_my_bike_miles><input_takeaction_ride_my_bike_include_foodemissions>0</input_takeaction_ride_my_bike_include_foodemissions><input_takeaction_take_public_transportation>0</input_takeaction_take_public_transportation><input_takeaction_take_public_transportation_type>0</input_takeaction_take_public_transportation_type><input_takeaction_take_public_transportation_miles>20</input_takeaction_take_public_transportation_miles><input_takeaction_take_public_transportation_mpg>0</input_takeaction_take_public_transportation_mpg><input_takeaction_take_public_transportation_parking>10</input_takeaction_take_public_transportation_parking><input_takeaction_take_public_transportation_ptfare>10</input_takeaction_take_public_transportation_ptfare><input_takeaction_take_public_transportation_gco2bus>107</input_takeaction_take_public_transportation_gco2bus><input_takeaction_take_public_transportation_gco2ngbus>78</input_takeaction_take_public_transportation_gco2ngbus><input_takeaction_take_public_transportation_gco2transit>276.271186</input_takeaction_take_public_transportation_gco2transit><input_takeaction_take_public_transportation_gco2amtrak>185</input_takeaction_take_public_transportation_gco2amtrak><input_takeaction_practice_eco_driving>0</input_takeaction_practice_eco_driving><input_takeaction_practice_eco_driving_hwpercent>50</input_takeaction_practice_eco_driving_hwpercent><input_takeaction_practice_eco_driving_topspeed>70</input_takeaction_practice_eco_driving_topspeed><input_takeaction_practice_eco_driving_lowerspeed>65</input_takeaction_practice_eco_driving_lowerspeed><input_takeaction_practice_eco_driving_topspercent>50</input_takeaction_practice_eco_driving_topspercent><input_takeaction_maintain_my_vehicles>0</input_takeaction_maintain_my_vehicles><input_takeaction_maintain_my_vehicles_tires>1</input_takeaction_maintain_my_vehicles_tires><input_takeaction_maintain_my_vehicles_airfilter>1</input_takeaction_maintain_my_vehicles_airfilter><input_takeaction_maintain_my_vehicles_tirespercent>3.3</input_takeaction_maintain_my_vehicles_tirespercent><input_takeaction_maintain_my_vehicles_filterpercent>3</input_takeaction_maintain_my_vehicles_filterpercent><input_takeaction_maintain_my_vehicles_tirescost>0</input_takeaction_maintain_my_vehicles_tirescost><input_takeaction_maintain_my_vehicles_filtercost>0</input_takeaction_maintain_my_vehicles_filtercost><input_takeaction_carpool_to_work>0</input_takeaction_carpool_to_work><input_takeaction_carpool_to_work_dist>12</input_takeaction_carpool_to_work_dist><input_takeaction_carpool_to_work_days>3</input_takeaction_carpool_to_work_days><input_takeaction_carpool_to_work_passenger>2</input_takeaction_carpool_to_work_passenger><input_takeaction_carpool_to_work_mpgvehc>20</input_takeaction_carpool_to_work_mpgvehc><input_takeaction_carpool_to_work_fees>0</input_takeaction_carpool_to_work_fees><input_takeaction_carpool_to_work_daysper>0</input_takeaction_carpool_to_work_daysper><input_takeaction_carpool_to_work_depvehu>2</input_takeaction_carpool_to_work_depvehu><input_takeaction_carpool_to_work_category>1</input_takeaction_carpool_to_work_category><input_takeaction_carpool_to_work_mpgvehu>22</input_takeaction_carpool_to_work_mpgvehu><input_takeaction_reduce_air_travel>0</input_takeaction_reduce_air_travel><input_takeaction_reduce_air_travel_miles_percent>10</input_takeaction_reduce_air_travel_miles_percent><input_takeaction_offset_transportation>0</input_takeaction_offset_transportation><input_takeaction_offset_transportation_offset>20</input_takeaction_offset_transportation_offset><input_takeaction_switch_to_cfl>0</input_takeaction_switch_to_cfl><input_takeaction_switch_to_cfl_cfl>5</input_takeaction_switch_to_cfl_cfl><input_takeaction_switch_to_cfl_hours>5</input_takeaction_switch_to_cfl_hours><input_takeaction_switch_to_cfl_incanwatt>75</input_takeaction_switch_to_cfl_incanwatt><input_takeaction_switch_to_cfl_cflwatt>20</input_takeaction_switch_to_cfl_cflwatt><input_takeaction_switch_to_cfl_cflcost>2</input_takeaction_switch_to_cfl_cflcost><input_takeaction_switch_to_cfl_incancost>0.75</input_takeaction_switch_to_cfl_incancost><input_takeaction_switch_to_cfl_incanlife>750</input_takeaction_switch_to_cfl_incanlife><input_takeaction_switch_to_cfl_cfllife>8000</input_takeaction_switch_to_cfl_cfllife><input_takeaction_thermostat_winter>0</input_takeaction_thermostat_winter><input_takeaction_thermostat_winter_fueltype>0</input_takeaction_thermostat_winter_fueltype><input_takeaction_thermostat_winter_percentuse>1</input_takeaction_thermostat_winter_percentuse><input_takeaction_thermostat_winter_hdd>0</input_takeaction_thermostat_winter_hdd><input_takeaction_thermostat_winter_daydegrees>8</input_takeaction_thermostat_winter_daydegrees><input_takeaction_thermostat_winter_nightdegrees>8</input_takeaction_thermostat_winter_nightdegrees><input_takeaction_thermostat_winter_wdsetup>10</input_takeaction_thermostat_winter_wdsetup><input_takeaction_thermostat_winter_fueloilprice>200</input_takeaction_thermostat_winter_fueloilprice><input_takeaction_thermostat_winter_wdntsetup>8</input_takeaction_thermostat_winter_wdntsetup><input_takeaction_thermostat_winter_wesetup>10</input_takeaction_thermostat_winter_wesetup><input_takeaction_thermostat_winter_wentsetup>8</input_takeaction_thermostat_winter_wentsetup><input_takeaction_thermostat_summer>0</input_takeaction_thermostat_summer><input_takeaction_thermostat_summer_daydegrees>4</input_takeaction_thermostat_summer_daydegrees><input_takeaction_thermostat_summer_nightdegrees>4</input_takeaction_thermostat_summer_nightdegrees><input_takeaction_thermostat_summer_cdd>0</input_takeaction_thermostat_summer_cdd><input_takeaction_thermostat_summer_percentuse>1</input_takeaction_thermostat_summer_percentuse><input_takeaction_thermostat_summer_wdsetup>10</input_takeaction_thermostat_summer_wdsetup><input_takeaction_thermostat_summer_wdntsetup>8</input_takeaction_thermostat_summer_wdntsetup><input_takeaction_thermostat_summer_wesetup>10</input_takeaction_thermostat_summer_wesetup><input_takeaction_thermostat_summer_wentsetup>8</input_takeaction_thermostat_summer_wentsetup><input_takeaction_energy_star_fridge>0</input_takeaction_energy_star_fridge><input_takeaction_energy_star_fridge_fridgetype>5</input_takeaction_energy_star_fridge_fridgetype><input_takeaction_energy_star_fridge_fridgecost>30</input_takeaction_energy_star_fridge_fridgecost><input_takeaction_energy_star_fridge_fresh>14.75</input_takeaction_energy_star_fridge_fresh><input_takeaction_energy_star_fridge_freezer>6.76</input_takeaction_energy_star_fridge_freezer><input_takeaction_purchase_green_electricity>0</input_takeaction_purchase_green_electricity><input_takeaction_purchase_green_electricity_percentclean>1</input_takeaction_purchase_green_electricity_percentclean><input_takeaction_purchase_green_electricity_costclean>20</input_takeaction_purchase_green_electricity_costclean><input_takeaction_purchase_green_electricity_kwhcost>11</input_takeaction_purchase_green_electricity_kwhcost><input_takeaction_line_dry_clothing>0</input_takeaction_line_dry_clothing><input_takeaction_line_dry_clothing_percentdry>0.5</input_takeaction_line_dry_clothing_percentdry><input_takeaction_line_dry_clothing_dryerldwk>7</input_takeaction_line_dry_clothing_dryerldwk><input_takeaction_offset_housing>0</input_takeaction_offset_housing><input_takeaction_offset_housing_offset>20</input_takeaction_offset_housing_offset><input_takeaction_low_carbon_diet>0</input_takeaction_low_carbon_diet><input_takeaction_low_carbon_diet_meatfootprint>0.45</input_takeaction_low_carbon_diet_meatfootprint><input_takeaction_low_carbon_diet_dairyfootprint>0.65</input_takeaction_low_carbon_diet_dairyfootprint><input_takeaction_low_carbon_diet_fvfootprint>1.8</input_takeaction_low_carbon_diet_fvfootprint><input_takeaction_low_carbon_diet_cerealsfootprint>1.45</input_takeaction_low_carbon_diet_cerealsfootprint><input_takeaction_low_carbon_diet_otherfootprint>0.45</input_takeaction_low_carbon_diet_otherfootprint><input_takeaction_go_organic>0</input_takeaction_go_organic><input_takeaction_go_organic_myproduce>0.9</input_takeaction_go_organic_myproduce><input_takeaction_go_organic_mymeat>0.9</input_takeaction_go_organic_mymeat><input_takeaction_go_organic_mydairy>0.9</input_takeaction_go_organic_mydairy><input_takeaction_go_organic_eatorgproduce>0</input_takeaction_go_organic_eatorgproduce><input_takeaction_go_organic_eatorgmeat>0</input_takeaction_go_organic_eatorgmeat><input_takeaction_go_organic_eatorgdairy>0</input_takeaction_go_organic_eatorgdairy><input_takeaction_go_organic_pledgeorgprod>0.5</input_takeaction_go_organic_pledgeorgprod><input_takeaction_go_organic_pledgeorgmeat>0.5</input_takeaction_go_organic_pledgeorgmeat><input_takeaction_go_organic_pledgedairy>0.5</input_takeaction_go_organic_pledgedairy><input_takeaction_go_organic_myprodcost>1.6</input_takeaction_go_organic_myprodcost><input_takeaction_go_organic_mymeatcost>1.6</input_takeaction_go_organic_mymeatcost><input_takeaction_go_organic_mydairycost>1.6</input_takeaction_go_organic_mydairycost><input_takeaction_offset_shopping>0</input_takeaction_offset_shopping><input_takeaction_offset_shopping_offset>20</input_takeaction_offset_shopping_offset><result_takeaction_carfuel_reduction>0</result_takeaction_carfuel_reduction><result_takeaction_carmfg_reduction>0</result_takeaction_carmfg_reduction><result_takeaction_pubtrans_reduction>0</result_takeaction_pubtrans_reduction><result_takeaction_airtravel_reduction>0</result_takeaction_airtravel_reduction><result_takeaction_electricity_reduction>0</result_takeaction_electricity_reduction><result_takeaction_natgas_reduction>0</result_takeaction_natgas_reduction><result_takeaction_otherfuels_reduction>0</result_takeaction_otherfuels_reduction><result_takeaction_watersewage_reduction>0</result_takeaction_watersewage_reduction><result_takeaction_construction_reduction>0</result_takeaction_construction_reduction><result_takeaction_meat_reduction>0</result_takeaction_meat_reduction><result_takeaction_dairy_reduction>0</result_takeaction_dairy_reduction><result_takeaction_fruitsveg_reduction>0</result_takeaction_fruitsveg_reduction><result_takeaction_cereals_reduction>0</result_takeaction_cereals_reduction><result_takeaction_foodother_reduction>0</result_takeaction_foodother_reduction><result_takeaction_clothing_reduction>0</result_takeaction_clothing_reduction><result_takeaction_furniture_reduction>0</result_takeaction_furniture_reduction><result_takeaction_goodsother_reduction>0</result_takeaction_goodsother_reduction><result_takeaction_servicesall_reduction>0</result_takeaction_servicesall_reduction><result_takeaction_ride_my_bike_totalcalories>0</result_takeaction_ride_my_bike_totalcalories><result_takeaction_ride_my_bike_ghgper100cal>0</result_takeaction_ride_my_bike_ghgper100cal><result_takeaction_ride_my_bike_bikeghgs>0</result_takeaction_ride_my_bike_bikeghgs><result_takeaction_ride_my_bike_driveghgs>0</result_takeaction_ride_my_bike_driveghgs><result_takeaction_practice_eco_driving_dispmiles>0</result_takeaction_practice_eco_driving_dispmiles><result_takeaction_practice_eco_driving_mpg>0</result_takeaction_practice_eco_driving_mpg><result_takeaction_practice_eco_driving_newmpg>0</result_takeaction_practice_eco_driving_newmpg><result_takeaction_practice_eco_driving_galsaved>0</result_takeaction_practice_eco_driving_galsaved><result_takeaction_maintain_my_vehicles_mpg>0</result_takeaction_maintain_my_vehicles_mpg><result_takeaction_maintain_my_vehicles_dispmiles>0</result_takeaction_maintain_my_vehicles_dispmiles><result_takeaction_carpool_to_work_dep1k>0.05</result_takeaction_carpool_to_work_dep1k><result_takeaction_reduce_air_travel_pounds_from_flight>0</result_takeaction_reduce_air_travel_pounds_from_flight><result_takeaction_reduce_air_travel_totalmiles>0</result_takeaction_reduce_air_travel_totalmiles><result_takeaction_reduce_air_travel_miles_alt>0</result_takeaction_reduce_air_travel_miles_alt><result_takeaction_offset_transportation_transtonsleft>0</result_takeaction_offset_transportation_transtonsleft><result_takeaction_offset_transportation_transpledges>0</result_takeaction_offset_transportation_transpledges><result_takeaction_thermostat_winter_dollarstypical>0</result_takeaction_thermostat_winter_dollarstypical><result_takeaction_thermostat_winter_dollarsuse>0</result_takeaction_thermostat_winter_dollarsuse><result_takeaction_thermostat_winter_intensity>6283</result_takeaction_thermostat_winter_intensity><result_takeaction_thermostat_winter_gCO2fueltype>55</result_takeaction_thermostat_winter_gCO2fueltype><result_takeaction_thermostat_winter_pu>0</result_takeaction_thermostat_winter_pu><result_takeaction_thermostat_summer_dollarstypical>0</result_takeaction_thermostat_summer_dollarstypical><result_takeaction_thermostat_summer_kwhtypical>0</result_takeaction_thermostat_summer_kwhtypical><result_takeaction_thermostat_summer_dollarsuse>0</result_takeaction_thermostat_summer_dollarsuse><result_takeaction_thermostat_summer_kwhuse>0</result_takeaction_thermostat_summer_kwhuse><result_takeaction_energy_star_fridge_totvolume>21.51</result_takeaction_energy_star_fridge_totvolume><result_takeaction_energy_star_fridge_fridgekwh>662.84176</result_takeaction_energy_star_fridge_fridgekwh><result_takeaction_energy_star_fridge_ESfridgekwh>530.273408</result_takeaction_energy_star_fridge_ESfridgekwh><result_takeaction_purchase_green_electricity_kwhCO2yr>0</result_takeaction_purchase_green_electricity_kwhCO2yr><result_takeaction_line_dry_clothing_dryerkwhyr>1207.024</result_takeaction_line_dry_clothing_dryerkwhyr><result_takeaction_line_dry_clothing_dryercostyr>0</result_takeaction_line_dry_clothing_dryercostyr><result_takeaction_offset_housing_transtonsleft>0</result_takeaction_offset_housing_transtonsleft><result_takeaction_offset_housing_transpledges>0</result_takeaction_offset_housing_transpledges><result_takeaction_low_carbon_diet_meatcal>0</result_takeaction_low_carbon_diet_meatcal><result_takeaction_low_carbon_diet_dairycal>0</result_takeaction_low_carbon_diet_dairycal><result_takeaction_low_carbon_diet_fvcal>0</result_takeaction_low_carbon_diet_fvcal><result_takeaction_low_carbon_diet_cerealscal>0</result_takeaction_low_carbon_diet_cerealscal><result_takeaction_low_carbon_diet_othercal>0</result_takeaction_low_carbon_diet_othercal><result_takeaction_low_carbon_diet_totalcal>0</result_takeaction_low_carbon_diet_totalcal><result_takeaction_offset_shopping_transtonsleft>0.659413</result_takeaction_offset_shopping_transtonsleft><result_takeaction_offset_shopping_transpledges>0</result_takeaction_offset_shopping_transpledges><result_takeaction_pounds>{"more_efficient_vehicle":0,"telecommute_to_work":0,"ride_my_bike":0,"take_public_transportation":0,"practice_eco_driving":0,"maintain_my_vehicles":0,"carpool_to_work":0.85,"reduce_air_travel":0,"offset_transportation":0,"switch_to_cfl":0.5,"thermostat_winter":0,"thermostat_summer":0,"energy_star_fridge":0.13,"purchase_green_electricity":0,"line_dry_clothing":0.6,"offset_housing":0,"low_carbon_diet":0,"go_organic":0,"offset_shopping":0.66}</result_takeaction_pounds><result_takeaction_dollars>{"more_efficient_vehicle":0,"telecommute_to_work":0,"ride_my_bike":0,"take_public_transportation":0,"practice_eco_driving":0,"maintain_my_vehicles":0,"carpool_to_work":323.35,"reduce_air_travel":0,"offset_transportation":0,"switch_to_cfl":0,"thermostat_winter":0,"thermostat_summer":0,"energy_star_fridge":0,"purchase_green_electricity":0,"line_dry_clothing":0,"offset_housing":0,"low_carbon_diet":0,"go_organic":0,"offset_shopping":0}</result_takeaction_dollars><result_takeaction_net10yr>{"more_efficient_vehicle":2000,"telecommute_to_work":0,"ride_my_bike":0,"take_public_transportation":0,"practice_eco_driving":0,"maintain_my_vehicles":0,"carpool_to_work":0,"reduce_air_travel":0,"offset_transportation":0,"switch_to_cfl":10,"thermostat_winter":0,"thermostat_summer":0,"energy_star_fridge":30,"purchase_green_electricity":0,"line_dry_clothing":0,"offset_housing":0,"low_carbon_diet":0,"go_organic":0,"offset_shopping":13.19}</result_takeaction_net10yr><result_takeaction_transport_total>0</result_takeaction_transport_total><result_takeaction_housing_total>0</result_takeaction_housing_total><result_takeaction_shopping_food_total>0.659413</result_takeaction_shopping_food_total><result_takeaction_shopping_goods_total>0</result_takeaction_shopping_goods_total><result_takeaction_shopping_services_total>0</result_takeaction_shopping_services_total><result_takeaction_grand_total>0.659413</result_takeaction_grand_total></response>
Raw Score: 60
Raw Score: 60
SCORE IS HERE: 0
Score Saved in leaderboard.
2019-04-14 22:58:08.118  INFO 17085 --- [    Test worker] o.a.c.c.C.[Tomcat].[localhost].[/]       : Initializing Spring TestDispatcherServlet ''
2019-04-14 22:58:08.118  INFO 17085 --- [    Test worker] o.s.t.web.servlet.TestDispatcherServlet  : Initializing Servlet ''
2019-04-14 22:58:08.122  INFO 17085 --- [    Test worker] o.s.t.web.servlet.TestDispatcherServlet  : Completed initialization in 4 ms
2019-04-14 22:58:08.179  INFO 17085 --- [    Test worker] o.a.c.c.C.[Tomcat].[localhost].[/]       : Initializing Spring TestDispatcherServlet ''
2019-04-14 22:58:08.179  INFO 17085 --- [    Test worker] o.s.t.web.servlet.TestDispatcherServlet  : Initializing Servlet ''
2019-04-14 22:58:08.182  INFO 17085 --- [    Test worker] o.s.t.web.servlet.TestDispatcherServlet  : Completed initialization in 3 ms
2019-04-14 22:58:08.381  INFO 17085 --- [    Test worker] o.a.c.c.C.[Tomcat].[localhost].[/]       : Initializing Spring TestDispatcherServlet ''
2019-04-14 22:58:08.381  INFO 17085 --- [    Test worker] o.s.t.web.servlet.TestDispatcherServlet  : Initializing Servlet ''
2019-04-14 22:58:08.384  INFO 17085 --- [    Test worker] o.s.t.web.servlet.TestDispatcherServlet  : Completed initialization in 3 ms
2019-04-14 22:58:08.498  INFO 17085 --- [nio-8080-exec-1] o.a.c.c.C.[Tomcat].[localhost].[/]       : Initializing Spring DispatcherServlet 'dispatcherServlet'
2019-04-14 22:58:08.498  INFO 17085 --- [nio-8080-exec-1] o.s.web.servlet.DispatcherServlet        : Initializing Servlet 'dispatcherServlet'
2019-04-14 22:58:08.501  INFO 17085 --- [nio-8080-exec-1] o.s.web.servlet.DispatcherServlet        : Completed initialization in 2 ms
2019-04-14 22:58:08.617  INFO 17085 --- [    Test worker] o.a.c.c.C.[Tomcat].[localhost].[/]       : Initializing Spring TestDispatcherServlet ''
2019-04-14 22:58:08.617  INFO 17085 --- [    Test worker] o.s.t.web.servlet.TestDispatcherServlet  : Initializing Servlet ''
2019-04-14 22:58:08.620  INFO 17085 --- [    Test worker] o.s.t.web.servlet.TestDispatcherServlet  : Completed initialization in 2 ms
2019-04-14 22:58:08.683  INFO 17085 --- [    Test worker] o.a.c.c.C.[Tomcat].[localhost].[/]       : Initializing Spring TestDispatcherServlet ''
2019-04-14 22:58:08.683  INFO 17085 --- [    Test worker] o.s.t.web.servlet.TestDispatcherServlet  : Initializing Servlet ''
2019-04-14 22:58:08.687  INFO 17085 --- [    Test worker] o.s.t.web.servlet.TestDispatcherServlet  : Completed initialization in 4 ms
2019-04-14 22:58:08.865  INFO 17085 --- [    Test worker] o.a.c.c.C.[Tomcat].[localhost].[/]       : Initializing Spring TestDispatcherServlet ''
2019-04-14 22:58:08.866  INFO 17085 --- [    Test worker] o.s.t.web.servlet.TestDispatcherServlet  : Initializing Servlet ''
2019-04-14 22:58:08.868  INFO 17085 --- [    Test worker] o.s.t.web.servlet.TestDispatcherServlet  : Completed initialization in 2 ms
2019-04-14 22:58:09.547  INFO 17085 --- [    Test worker] o.a.c.c.C.[Tomcat].[localhost].[/]       : Initializing Spring TestDispatcherServlet ''
2019-04-14 22:58:09.547  INFO 17085 --- [    Test worker] o.s.t.web.servlet.TestDispatcherServlet  : Initializing Servlet ''
2019-04-14 22:58:09.550  INFO 17085 --- [    Test worker] o.s.t.web.servlet.TestDispatcherServlet  : Completed initialization in 3 ms
2019-04-14 22:58:09.604
MeatFishEggs: 0.4 Cereals: 0.0 Veggies: 0.1 Snacks: 0.5 Dairy: 0.0 Total: 1.0

Sending 'GET' request to URL : https://apis.berkeley.edu/coolclimate/footprint?input_location_mode=1&input_location=99500&input_income=1&input_size=0&input_footprint_household_adults=0&input_footprint_housing_squarefeet=0&input_footprint_housing_electricity_dollars=0&input_footprint_housing_naturalgas_dollars=0&input_footprint_shopping_food_meatfisheggs=230&input_footprint_shopping_food_dairy=0&input_footprint_shopping_food_otherfood=287&input_footprint_shopping_food_fruitvegetables=57&input_footprint_shopping_food_cereals=0&input_footprint_housing_watersewage=0&input_footprint_housing_cleanpercent=0&input_takeaction_assumption_kwhprice=0&input_takeaction_assumption_price_of_gasoline=0.0&input_takeaction_assumption_ngprice=0.0&input_footprint_transportation_num_vehicles=0&input_footprint_transportation_fuel1=0&input_footprint_transportation_mpg1=0&input_footprint_transportation_miles1=0&internal_state_abbreviation=AK&input_takeaction_switch_to_cfl=0&input_takeaction_maintain_my_vehicles=0&input_takeaction_more_efficient_vehicle=0&input_takeaction_reduce_air_travel=0&input_takeaction_telecommute_to_work=0&input_takeaction_thermostat_summer=0&input_takeaction_offset_housing=0&input_takeaction_energy_star_fridge=0&input_takeaction_thermostat_winter=0&input_takeaction_offset_transportation=0&input_takeaction_ride_my_bike=0&input_takeaction_purchase_green_electricity=0&input_takeaction_take_public_transportation=0&input_takeaction_carpool_to_work=0&input_takeaction_practice_eco_driving=0&input_footprint_household_children=0&input_footprint_housing_heatingoil_dollars=0&input_footprint_housing_hdd=0&input_footprint_housing_cdd=0&input_footprint_transportation_airtotal=0&input_footprint_transportation_publictrans=0&input_changed=0&input_footprint_transportation_num_vehicles=0&input_footprint_transportation_fuel2=1&input_footprint_transportation_fuel3=1&input_footprint_transportation_miles2=0&input_footprint_transportation_miles3=0&input_footprint_transportation_miles4=0&input_footprint_transportation_mpg2=0&input_footprint_transportation_mpg3=0&input_footprint_transportation_mpg4=0&input_footprint_transportation_fuel4=1&input_footprint_transportation_miles5=0&input_footprint_transportation_mpg5=0&input_footprint_transportation_fuel5=1&input_footprint_transportation_miles6=0&input_footprint_transportation_mpg6=0&input_footprint_transportation_fuel6=1&input_footprint_transportation_miles7=0&input_footprint_transportation_mpg7=0&input_footprint_transportation_fuel7=1&input_footprint_transportation_miles8=0&input_footprint_transportation_mpg8=0&input_footprint_transportation_fuel8=1&input_footprint_transportation_miles9=0&input_footprint_transportation_mpg9=0&input_footprint_transportation_fuel9=1&input_footprint_transportation_miles10=0&input_footprint_transportation_mpg10=0&input_footprint_transportation_fuel10=1&input_footprint_transportation_airtype=simple&input_footprint_transportation_groundtype=simple&input_footprint_housing_electricity_type=0&input_footprint_housing_naturalgas_type=0&input_footprint_housing_heatingoil_type=0&input_footprint_housing_heatingoil_dollars_per_gallon=4&input_footprint_shopping_food_meattype=simple&input_footprint_shopping_goods_default_furnitureappliances=0&input_footprint_shopping_goods_default_clothing=0&input_footprint_shopping_goods_default_other_entertainment=0&input_footprint_shopping_goods_default_other_office=0&input_footprint_shopping_goods_default_other_personalcare=0&input_footprint_shopping_goods_default_other_autoparts=0&input_footprint_shopping_goods_default_other_medical=0&input_footprint_shopping_goods_type=advanced&input_footprint_shopping_goods_total=0&input_footprint_shopping_services_type=simple&input_footprint_shopping_services_total=0&input_footprint_housing_gco2_per_kwh=1000
<?xml version="1.0" encoding="UTF-8"?><response><result_motor_vehicles_direct>0</result_motor_vehicles_direct><result_motor_vehicles_indirect>0</result_motor_vehicles_indirect><result_vehicle_manufact>0</result_vehicle_manufact><input_footprint_transportation_airshort>0</input_footprint_transportation_airshort><input_footprint_transportation_airmedium>0</input_footprint_transportation_airmedium><input_footprint_transportation_airlong>0</input_footprint_transportation_airlong><input_footprint_transportation_airextended>0</input_footprint_transportation_airextended><result_air_travel_direct>0</result_air_travel_direct><result_air_travel_indirect>0</result_air_travel_indirect><input_footprint_transportation_intercity>0</input_footprint_transportation_intercity><input_footprint_transportation_transit>0</input_footprint_transportation_transit><input_footprint_transportation_commuter>0</input_footprint_transportation_commuter><input_footprint_transportation_bus>0</input_footprint_transportation_bus><result_publictrans_direct>0</result_publictrans_direct><result_publictrans_indirect>0</result_publictrans_indirect><input_footprint_housing_electricity_kwh>0</input_footprint_housing_electricity_kwh><input_footprint_housing_naturalgas_cuft>0</input_footprint_housing_naturalgas_cuft><input_footprint_housing_naturalgas_therms>0</input_footprint_housing_naturalgas_therms><input_footprint_housing_heatingoil_gallons>0</input_footprint_housing_heatingoil_gallons><result_electricity_direct>0</result_electricity_direct><result_electricity_indirect>0</result_electricity_indirect><result_natgas_direct>0</result_natgas_direct><result_natgas_indirect>0</result_natgas_indirect><result_heatingoil_direct>0</result_heatingoil_direct><result_heatingoil_indirect>0</result_heatingoil_indirect><result_watersewage>0</result_watersewage><result_shelter>0</result_shelter><result_food_meat>0.464244</result_food_meat><input_footprint_shopping_food_meat_beefpork>0</input_footprint_shopping_food_meat_beefpork><input_footprint_shopping_food_meat_poultry>0</input_footprint_shopping_food_meat_poultry><input_footprint_shopping_food_meat_other>0</input_footprint_shopping_food_meat_other><input_footprint_shopping_food_meat_fish>0</input_footprint_shopping_food_meat_fish><result_food_dairy>0</result_food_dairy><result_food_other>0.234651</result_food_other><result_food_fruitsveg>0.069697</result_food_fruitsveg><result_food_cereals>0</result_food_cereals><input_footprint_shopping_goods_furnitureappliances>0</input_footprint_shopping_goods_furnitureappliances><input_footprint_shopping_goods_clothing>0</input_footprint_shopping_goods_clothing><input_footprint_shopping_goods_other_entertainment>0</input_footprint_shopping_goods_other_entertainment><input_footprint_shopping_goods_other_office>0</input_footprint_shopping_goods_other_office><input_footprint_shopping_goods_other_personalcare>0</input_footprint_shopping_goods_other_personalcare><input_footprint_shopping_goods_other_autoparts>0</input_footprint_shopping_goods_other_autoparts><input_footprint_shopping_goods_other_medical>0</input_footprint_shopping_goods_other_medical><input_footprint_shopping_goods_other_total>0</input_footprint_shopping_goods_other_total><result_goods_clothing>0</result_goods_clothing><result_goods_furniture>0</result_goods_furniture><result_goods_other>0</result_goods_other><result_services_all>0</result_services_all><result_transport_total>0</result_transport_total><result_housing_total>0</result_housing_total><result_food_total>0.768591</result_food_total><result_goods_total>0</result_goods_total><result_services_total>0</result_services_total><result_grand_total>0.768591</result_grand_total><input_takeaction_assumption_price_of_gasoline>3</input_takeaction_assumption_price_of_gasoline><input_takeaction_assumption_kwhprice/><input_takeaction_assumption_ngprice/><input_takeaction_assumption_discountrate>8</input_takeaction_assumption_discountrate><input_takeaction_assumption_inflationrate>3</input_takeaction_assumption_inflationrate><input_takeaction_more_efficient_vehicle>0</input_takeaction_more_efficient_vehicle><input_takeaction_more_efficient_vehicle_miles_old>0</input_takeaction_more_efficient_vehicle_miles_old><input_takeaction_more_efficient_vehicle_mpg_old>0</input_takeaction_more_efficient_vehicle_mpg_old><input_takeaction_more_efficient_vehicle_miles_new>0</input_takeaction_more_efficient_vehicle_miles_new><input_takeaction_more_efficient_vehicle_mpg_new>10</input_takeaction_more_efficient_vehicle_mpg_new><input_takeaction_more_efficient_vehicle_sell>10000</input_takeaction_more_efficient_vehicle_sell><input_takeaction_more_efficient_vehicle_purchase>12000</input_takeaction_more_efficient_vehicle_purchase><input_takeaction_telecommute_to_work>0</input_takeaction_telecommute_to_work><input_takeaction_telecommute_to_work_miles>20</input_takeaction_telecommute_to_work_miles><input_takeaction_telecommute_to_work_days>4</input_takeaction_telecommute_to_work_days><input_takeaction_telecommute_to_work_mpg>0</input_takeaction_telecommute_to_work_mpg><input_takeaction_telecommute_to_work_times>2</input_takeaction_telecommute_to_work_times><input_takeaction_telecommute_to_work_worth>0</input_takeaction_telecommute_to_work_worth><input_takeaction_telecommute_to_work_parking>20</input_takeaction_telecommute_to_work_parking><input_takeaction_ride_my_bike>0</input_takeaction_ride_my_bike><input_takeaction_ride_my_bike_mpg>0</input_takeaction_ride_my_bike_mpg><input_takeaction_ride_my_bike_miles>20</input_takeaction_ride_my_bike_miles><input_takeaction_ride_my_bike_include_foodemissions>0</input_takeaction_ride_my_bike_include_foodemissions><input_takeaction_take_public_transportation>0</input_takeaction_take_public_transportation><input_takeaction_take_public_transportation_type>0</input_takeaction_take_public_transportation_type><input_takeaction_take_public_transportation_miles>20</input_takeaction_take_public_transportation_miles><input_takeaction_take_public_transportation_mpg>0</input_takeaction_take_public_transportation_mpg><input_takeaction_take_public_transportation_parking>10</input_takeaction_take_public_transportation_parking><input_takeaction_take_public_transportation_ptfare>10</input_takeaction_take_public_transportation_ptfare><input_takeaction_take_public_transportation_gco2bus>107</input_takeaction_take_public_transportation_gco2bus><input_takeaction_take_public_transportation_gco2ngbus>78</input_takeaction_take_public_transportation_gco2ngbus><input_takeaction_take_public_transportation_gco2transit>276.271186</input_takeaction_take_public_transportation_gco2transit><input_takeaction_take_public_transportation_gco2amtrak>185</input_takeaction_take_public_transportation_gco2amtrak><input_takeaction_practice_eco_driving>0</input_takeaction_practice_eco_driving><input_takeaction_practice_eco_driving_hwpercent>50</input_takeaction_practice_eco_driving_hwpercent><input_takeaction_practice_eco_driving_topspeed>70</input_takeaction_practice_eco_driving_topspeed><input_takeaction_practice_eco_driving_lowerspeed>65</input_takeaction_practice_eco_driving_lowerspeed><input_takeaction_practice_eco_driving_topspercent>50</input_takeaction_practice_eco_driving_topspercent><input_takeaction_maintain_my_vehicles>0</input_takeaction_maintain_my_vehicles><input_takeaction_maintain_my_vehicles_tires>1</input_takeaction_maintain_my_vehicles_tires><input_takeaction_maintain_my_vehicles_airfilter>1</input_takeaction_maintain_my_vehicles_airfilter><input_takeaction_maintain_my_vehicles_tirespercent>3.3</input_takeaction_maintain_my_vehicles_tirespercent><input_takeaction_maintain_my_vehicles_filterpercent>3</input_takeaction_maintain_my_vehicles_filterpercent><input_takeaction_maintain_my_vehicles_tirescost>0</input_takeaction_maintain_my_vehicles_tirescost><input_takeaction_maintain_my_vehicles_filtercost>0</input_takeaction_maintain_my_vehicles_filtercost><input_takeaction_carpool_to_work>0</input_takeaction_carpool_to_work><input_takeaction_carpool_to_work_dist>12</input_takeaction_carpool_to_work_dist><input_takeaction_carpool_to_work_days>3</input_takeaction_carpool_to_work_days><input_takeaction_carpool_to_work_passenger>2</input_takeaction_carpool_to_work_passenger><input_takeaction_carpool_to_work_mpgvehc>20</input_takeaction_carpool_to_work_mpgvehc><input_takeaction_carpool_to_work_fees>0</input_takeaction_carpool_to_work_fees><input_takeaction_carpool_to_work_daysper>0</input_takeaction_carpool_to_work_daysper><input_takeaction_carpool_to_work_depvehu>2</input_takeaction_carpool_to_work_depvehu><input_takeaction_carpool_to_work_category>1</input_takeaction_carpool_to_work_category><input_takeaction_carpool_to_work_mpgvehu>22</input_takeaction_carpool_to_work_mpgvehu><input_takeaction_reduce_air_travel>0</input_takeaction_reduce_air_travel><input_takeaction_reduce_air_travel_miles_percent>10</input_takeaction_reduce_air_travel_miles_percent><input_takeaction_offset_transportation>0</input_takeaction_offset_transportation><input_takeaction_offset_transportation_offset>20</input_takeaction_offset_transportation_offset><input_takeaction_switch_to_cfl>0</input_takeaction_switch_to_cfl><input_takeaction_switch_to_cfl_cfl>5</input_takeaction_switch_to_cfl_cfl><input_takeaction_switch_to_cfl_hours>5</input_takeaction_switch_to_cfl_hours><input_takeaction_switch_to_cfl_incanwatt>75</input_takeaction_switch_to_cfl_incanwatt><input_takeaction_switch_to_cfl_cflwatt>20</input_takeaction_switch_to_cfl_cflwatt><input_takeaction_switch_to_cfl_cflcost>2</input_takeaction_switch_to_cfl_cflcost><input_takeaction_switch_to_cfl_incancost>0.75</input_takeaction_switch_to_cfl_incancost><input_takeaction_switch_to_cfl_incanlife>750</input_takeaction_switch_to_cfl_incanlife><input_takeaction_switch_to_cfl_cfllife>8000</input_takeaction_switch_to_cfl_cfllife><input_takeaction_thermostat_winter>0</input_takeaction_thermostat_winter><input_takeaction_thermostat_winter_fueltype>0</input_takeaction_thermostat_winter_fueltype><input_takeaction_thermostat_winter_percentuse>1</input_takeaction_thermostat_winter_percentuse><input_takeaction_thermostat_winter_hdd>0</input_takeaction_thermostat_winter_hdd><input_takeaction_thermostat_winter_daydegrees>8</input_takeaction_thermostat_winter_daydegrees><input_takeaction_thermostat_winter_nightdegrees>8</input_takeaction_thermostat_winter_nightdegrees><input_takeaction_thermostat_winter_wdsetup>10</input_takeaction_thermostat_winter_wdsetup><input_takeaction_thermostat_winter_fueloilprice>200</input_takeaction_thermostat_winter_fueloilprice><input_takeaction_thermostat_winter_wdntsetup>8</input_takeaction_thermostat_winter_wdntsetup><input_takeaction_thermostat_winter_wesetup>10</input_takeaction_thermostat_winter_wesetup><input_takeaction_thermostat_winter_wentsetup>8</input_takeaction_thermostat_winter_wentsetup><input_takeaction_thermostat_summer>0</input_takeaction_thermostat_summer><input_takeaction_thermostat_summer_daydegrees>4</input_takeaction_thermostat_summer_daydegrees><input_takeaction_thermostat_summer_nightdegrees>4</input_takeaction_thermostat_summer_nightdegrees><input_takeaction_thermostat_summer_cdd>0</input_takeaction_thermostat_summer_cdd><input_takeaction_thermostat_summer_percentuse>1</input_takeaction_thermostat_summer_percentuse><input_takeaction_thermostat_summer_wdsetup>10</input_takeaction_thermostat_summer_wdsetup><input_takeaction_thermostat_summer_wdntsetup>8</input_takeaction_thermostat_summer_wdntsetup><input_takeaction_thermostat_summer_wesetup>10</input_takeaction_thermostat_summer_wesetup><input_takeaction_thermostat_summer_wentsetup>8</input_takeaction_thermostat_summer_wentsetup><input_takeaction_energy_star_fridge>0</input_takeaction_energy_star_fridge><input_takeaction_energy_star_fridge_fridgetype>5</input_takeaction_energy_star_fridge_fridgetype><input_takeaction_energy_star_fridge_fridgecost>30</input_takeaction_energy_star_fridge_fridgecost><input_takeaction_energy_star_fridge_fresh>14.75</input_takeaction_energy_star_fridge_fresh><input_takeaction_energy_star_fridge_freezer>6.76</input_takeaction_energy_star_fridge_freezer><input_takeaction_purchase_green_electricity>0</input_takeaction_purchase_green_electricity><input_takeaction_purchase_green_electricity_percentclean>1</input_takeaction_purchase_green_electricity_percentclean><input_takeaction_purchase_green_electricity_costclean>20</input_takeaction_purchase_green_electricity_costclean><input_takeaction_purchase_green_electricity_kwhcost>11</input_takeaction_purchase_green_electricity_kwhcost><input_takeaction_line_dry_clothing>0</input_takeaction_line_dry_clothing><input_takeaction_line_dry_clothing_percentdry>0.5</input_takeaction_line_dry_clothing_percentdry><input_takeaction_line_dry_clothing_dryerldwk>7</input_takeaction_line_dry_clothing_dryerldwk><input_takeaction_offset_housing>0</input_takeaction_offset_housing><input_takeaction_offset_housing_offset>20</input_takeaction_offset_housing_offset><input_takeaction_low_carbon_diet>0</input_takeaction_low_carbon_diet><input_takeaction_low_carbon_diet_meatfootprint>0.45</input_takeaction_low_carbon_diet_meatfootprint><input_takeaction_low_carbon_diet_dairyfootprint>0.65</input_takeaction_low_carbon_diet_dairyfootprint><input_takeaction_low_carbon_diet_fvfootprint>1.8</input_takeaction_low_carbon_diet_fvfootprint><input_takeaction_low_carbon_diet_cerealsfootprint>1.45</input_takeaction_low_carbon_diet_cerealsfootprint><input_takeaction_low_carbon_diet_otherfootprint>0.45</input_takeaction_low_carbon_diet_otherfootprint><input_takeaction_go_organic>0</input_takeaction_go_organic><input_takeaction_go_organic_myproduce>0.9</input_takeaction_go_organic_myproduce><input_takeaction_go_organic_mymeat>0.9</input_takeaction_go_organic_mymeat><input_takeaction_go_organic_mydairy>0.9</input_takeaction_go_organic_mydairy><input_takeaction_go_organic_eatorgproduce>0</input_takeaction_go_organic_eatorgproduce><input_takeaction_go_organic_eatorgmeat>0</input_takeaction_go_organic_eatorgmeat><input_takeaction_go_organic_eatorgdairy>0</input_takeaction_go_organic_eatorgdairy><input_takeaction_go_organic_pledgeorgprod>0.5</input_takeaction_go_organic_pledgeorgprod><input_takeaction_go_organic_pledgeorgmeat>0.5</input_takeaction_go_organic_pledgeorgmeat><input_takeaction_go_organic_pledgedairy>0.5</input_takeaction_go_organic_pledgedairy><input_takeaction_go_organic_myprodcost>1.6</input_takeaction_go_organic_myprodcost><input_takeaction_go_organic_mymeatcost>1.6</input_takeaction_go_organic_mymeatcost><input_takeaction_go_organic_mydairycost>1.6</input_takeaction_go_organic_mydairycost><input_takeaction_offset_shopping>0</input_takeaction_offset_shopping><input_takeaction_offset_shopping_offset>20</input_takeaction_offset_shopping_offset><result_takeaction_carfuel_reduction>0</result_takeaction_carfuel_reduction><result_takeaction_carmfg_reduction>0</result_takeaction_carmfg_reduction><result_takeaction_pubtrans_reduction>0</result_takeaction_pubtrans_reduction><result_takeaction_airtravel_reduction>0</result_takeaction_airtravel_reduction><result_takeaction_electricity_reduction>0</result_takeaction_electricity_reduction><result_takeaction_natgas_reduction>0</result_takeaction_natgas_reduction><result_takeaction_otherfuels_reduction>0</result_takeaction_otherfuels_reduction><result_takeaction_watersewage_reduction>0</result_takeaction_watersewage_reduction><result_takeaction_construction_reduction>0</result_takeaction_construction_reduction><result_takeaction_meat_reduction>0</result_takeaction_meat_reduction><result_takeaction_dairy_reduction>0</result_takeaction_dairy_reduction><result_takeaction_fruitsveg_reduction>0</result_takeaction_fruitsveg_reduction><result_takeaction_cereals_reduction>0</result_takeaction_cereals_reduction><result_takeaction_foodother_reduction>0</result_takeaction_foodother_reduction><result_takeaction_clothing_reduction>0</result_takeaction_clothing_reduction><result_takeaction_furniture_reduction>0</result_takeaction_furniture_reduction><result_takeaction_goodsother_reduction>0</result_takeaction_goodsother_reduction><result_takeaction_servicesall_reduction>0</result_takeaction_servicesall_reduction><result_takeaction_ride_my_bike_totalcalories>0</result_takeaction_ride_my_bike_totalcalories><result_takeaction_ride_my_bike_ghgper100cal>0</result_takeaction_ride_my_bike_ghgper100cal><result_takeaction_ride_my_bike_bikeghgs>0</result_takeaction_ride_my_bike_bikeghgs><result_takeaction_ride_my_bike_driveghgs>0</result_takeaction_ride_my_bike_driveghgs><result_takeaction_practice_eco_driving_dispmiles>0</result_takeaction_practice_eco_driving_dispmiles><result_takeaction_practice_eco_driving_mpg>0</result_takeaction_practice_eco_driving_mpg><result_takeaction_practice_eco_driving_newmpg>0</result_takeaction_practice_eco_driving_newmpg><result_takeaction_practice_eco_driving_galsaved>0</result_takeaction_practice_eco_driving_galsaved><result_takeaction_maintain_my_vehicles_mpg>0</result_takeaction_maintain_my_vehicles_mpg><result_takeaction_maintain_my_vehicles_dispmiles>0</result_takeaction_maintain_my_vehicles_dispmiles><result_takeaction_carpool_to_work_dep1k>0.05</result_takeaction_carpool_to_work_dep1k><result_takeaction_reduce_air_travel_pounds_from_flight>0</result_takeaction_reduce_air_travel_pounds_from_flight><result_takeaction_reduce_air_travel_totalmiles>0</result_takeaction_reduce_air_travel_totalmiles><result_takeaction_reduce_air_travel_miles_alt>0</result_takeaction_reduce_air_travel_miles_alt><result_takeaction_offset_transportation_transtonsleft>0</result_takeaction_offset_transportation_transtonsleft><result_takeaction_offset_transportation_transpledges>0</result_takeaction_offset_transportation_transpledges><result_takeaction_thermostat_winter_dollarstypical>0</result_takeaction_thermostat_winter_dollarstypical><result_takeaction_thermostat_winter_dollarsuse>0</result_takeaction_thermostat_winter_dollarsuse><result_takeaction_thermostat_winter_intensity>6283</result_takeaction_thermostat_winter_intensity><result_takeaction_thermostat_winter_gCO2fueltype>55</result_takeaction_thermostat_winter_gCO2fueltype><result_takeaction_thermostat_winter_pu>0</result_takeaction_thermostat_winter_pu><result_takeaction_thermostat_summer_dollarstypical>0</result_takeaction_thermostat_summer_dollarstypical><result_takeaction_thermostat_summer_kwhtypical>0</result_takeaction_thermostat_summer_kwhtypical><result_takeaction_thermostat_summer_dollarsuse>0</result_takeaction_thermostat_summer_dollarsuse><result_takeaction_thermostat_summer_kwhuse>0</result_takeaction_thermostat_summer_kwhuse><result_takeaction_energy_star_fridge_totvolume>21.51</result_takeaction_energy_star_fridge_totvolume><result_takeaction_energy_star_fridge_fridgekwh>662.84176</result_takeaction_energy_star_fridge_fridgekwh><result_takeaction_energy_star_fridge_ESfridgekwh>530.273408</result_takeaction_energy_star_fridge_ESfridgekwh><result_takeaction_purchase_green_electricity_kwhCO2yr>0</result_takeaction_purchase_green_electricity_kwhCO2yr><result_takeaction_line_dry_clothing_dryerkwhyr>1207.024</result_takeaction_line_dry_clothing_dryerkwhyr><result_takeaction_line_dry_clothing_dryercostyr>0</result_takeaction_line_dry_clothing_dryercostyr><result_takeaction_offset_housing_transtonsleft>0</result_takeaction_offset_housing_transtonsleft><result_takeaction_offset_housing_transpledges>0</result_takeaction_offset_housing_transpledges><result_takeaction_low_carbon_diet_meatcal>0</result_takeaction_low_carbon_diet_meatcal><result_takeaction_low_carbon_diet_dairycal>0</result_takeaction_low_carbon_diet_dairycal><result_takeaction_low_carbon_diet_fvcal>0</result_takeaction_low_carbon_diet_fvcal><result_takeaction_low_carbon_diet_cerealscal>0</result_takeaction_low_carbon_diet_cerealscal><result_takeaction_low_carbon_diet_othercal>0</result_takeaction_low_carbon_diet_othercal><result_takeaction_low_carbon_diet_totalcal>0</result_takeaction_low_carbon_diet_totalcal><result_takeaction_offset_shopping
[...]
_medical><input_footprint_shopping_goods_other_total>0</input_footprint_shopping_goods_other_total><result_goods_clothing>0</result_goods_clothing><result_goods_furniture>0</result_goods_furniture><result_goods_other>0</result_goods_other><result_services_all>0</result_services_all><result_transport_total>0</result_transport_total><result_housing_total>0</result_housing_total><result_food_total>0.4038</result_food_total><result_goods_total>0</result_goods_total><result_services_total>0</result_services_total><result_grand_total>0.4038</result_grand_total><input_takeaction_assumption_price_of_gasoline>3</input_takeaction_assumption_price_of_gasoline><input_takeaction_assumption_kwhprice/><input_takeaction_assumption_ngprice/><input_takeaction_assumption_discountrate>8</input_takeaction_assumption_discountrate><input_takeaction_assumption_inflationrate>3</input_takeaction_assumption_inflationrate><input_takeaction_more_efficient_vehicle>0</input_takeaction_more_efficient_vehicle><input_takeaction_more_efficient_vehicle_miles_old>0</input_takeaction_more_efficient_vehicle_miles_old><input_takeaction_more_efficient_vehicle_mpg_old>0</input_takeaction_more_efficient_vehicle_mpg_old><input_takeaction_more_efficient_vehicle_miles_new>0</input_takeaction_more_efficient_vehicle_miles_new><input_takeaction_more_efficient_vehicle_mpg_new>10</input_takeaction_more_efficient_vehicle_mpg_new><input_takeaction_more_efficient_vehicle_sell>10000</input_takeaction_more_efficient_vehicle_sell><input_takeaction_more_efficient_vehicle_purchase>12000</input_takeaction_more_efficient_vehicle_purchase><input_takeaction_telecommute_to_work>0</input_takeaction_telecommute_to_work><input_takeaction_telecommute_to_work_miles>20</input_takeaction_telecommute_to_work_miles><input_takeaction_telecommute_to_work_days>4</input_takeaction_telecommute_to_work_days><input_takeaction_telecommute_to_work_mpg>0</input_takeaction_telecommute_to_work_mpg><input_takeaction_telecommute_to_work_times>2</input_takeaction_telecommute_to_work_times><input_takeaction_telecommute_to_work_worth>0</input_takeaction_telecommute_to_work_worth><input_takeaction_telecommute_to_work_parking>20</input_takeaction_telecommute_to_work_parking><input_takeaction_ride_my_bike>0</input_takeaction_ride_my_bike><input_takeaction_ride_my_bike_mpg>0</input_takeaction_ride_my_bike_mpg><input_takeaction_ride_my_bike_miles>20</input_takeaction_ride_my_bike_miles><input_takeaction_ride_my_bike_include_foodemissions>0</input_takeaction_ride_my_bike_include_foodemissions><input_takeaction_take_public_transportation>0</input_takeaction_take_public_transportation><input_takeaction_take_public_transportation_type>0</input_takeaction_take_public_transportation_type><input_takeaction_take_public_transportation_miles>20</input_takeaction_take_public_transportation_miles><input_takeaction_take_public_transportation_mpg>0</input_takeaction_take_public_transportation_mpg><input_takeaction_take_public_transportation_parking>10</input_takeaction_take_public_transportation_parking><input_takeaction_take_public_transportation_ptfare>10</input_takeaction_take_public_transportation_ptfare><input_takeaction_take_public_transportation_gco2bus>107</input_takeaction_take_public_transportation_gco2bus><input_takeaction_take_public_transportation_gco2ngbus>78</input_takeaction_take_public_transportation_gco2ngbus><input_takeaction_take_public_transportation_gco2transit>276.271186</input_takeaction_take_public_transportation_gco2transit><input_takeaction_take_public_transportation_gco2amtrak>185</input_takeaction_take_public_transportation_gco2amtrak><input_takeaction_practice_eco_driving>0</input_takeaction_practice_eco_driving><input_takeaction_practice_eco_driving_hwpercent>50</input_takeaction_practice_eco_driving_hwpercent><input_takeaction_practice_eco_driving_topspeed>70</input_takeaction_practice_eco_driving_topspeed><input_takeaction_practice_eco_driving_lowerspeed>65</input_takeaction_practice_eco_driving_lowerspeed><input_takeaction_practice_eco_driving_topspercent>50</input_takeaction_practice_eco_driving_topspercent><input_takeaction_maintain_my_vehicles>0</input_takeaction_maintain_my_vehicles><input_takeaction_maintain_my_vehicles_tires>1</input_takeaction_maintain_my_vehicles_tires><input_takeaction_maintain_my_vehicles_airfilter>1</input_takeaction_maintain_my_vehicles_airfilter><input_takeaction_maintain_my_vehicles_tirespercent>3.3</input_takeaction_maintain_my_vehicles_tirespercent><input_takeaction_maintain_my_vehicles_filterpercent>3</input_takeaction_maintain_my_vehicles_filterpercent><input_takeaction_maintain_my_vehicles_tirescost>0</input_takeaction_maintain_my_vehicles_tirescost><input_takeaction_maintain_my_vehicles_filtercost>0</input_takeaction_maintain_my_vehicles_filtercost><input_takeaction_carpool_to_work>0</input_takeaction_carpool_to_work><input_takeaction_carpool_to_work_dist>12</input_takeaction_carpool_to_work_dist><input_takeaction_carpool_to_work_days>3</input_takeaction_carpool_to_work_days><input_takeaction_carpool_to_work_passenger>2</input_takeaction_carpool_to_work_passenger><input_takeaction_carpool_to_work_mpgvehc>20</input_takeaction_carpool_to_work_mpgvehc><input_takeaction_carpool_to_work_fees>0</input_takeaction_carpool_to_work_fees><input_takeaction_carpool_to_work_daysper>0</input_takeaction_carpool_to_work_daysper><input_takeaction_carpool_to_work_depvehu>2</input_takeaction_carpool_to_work_depvehu><input_takeaction_carpool_to_work_category>1</input_takeaction_carpool_to_work_category><input_takeaction_carpool_to_work_mpgvehu>22</input_takeaction_carpool_to_work_mpgvehu><input_takeaction_reduce_air_travel>0</input_takeaction_reduce_air_travel><input_takeaction_reduce_air_travel_miles_percent>10</input_takeaction_reduce_air_travel_miles_percent><input_takeaction_offset_transportation>0</input_takeaction_offset_transportation><input_takeaction_offset_transportation_offset>20</input_takeaction_offset_transportation_offset><input_takeaction_switch_to_cfl>0</input_takeaction_switch_to_cfl><input_takeaction_switch_to_cfl_cfl>5</input_takeaction_switch_to_cfl_cfl><input_takeaction_switch_to_cfl_hours>5</input_takeaction_switch_to_cfl_hours><input_takeaction_switch_to_cfl_incanwatt>75</input_takeaction_switch_to_cfl_incanwatt><input_takeaction_switch_to_cfl_cflwatt>20</input_takeaction_switch_to_cfl_cflwatt><input_takeaction_switch_to_cfl_cflcost>2</input_takeaction_switch_to_cfl_cflcost><input_takeaction_switch_to_cfl_incancost>0.75</input_takeaction_switch_to_cfl_incancost><input_takeaction_switch_to_cfl_incanlife>750</input_takeaction_switch_to_cfl_incanlife><input_takeaction_switch_to_cfl_cfllife>8000</input_takeaction_switch_to_cfl_cfllife><input_takeaction_thermostat_winter>0</input_takeaction_thermostat_winter><input_takeaction_thermostat_winter_fueltype>0</input_takeaction_thermostat_winter_fueltype><input_takeaction_thermostat_winter_percentuse>1</input_takeaction_thermostat_winter_percentuse><input_takeaction_thermostat_winter_hdd>0</input_takeaction_thermostat_winter_hdd><input_takeaction_thermostat_winter_daydegrees>8</input_takeaction_thermostat_winter_daydegrees><input_takeaction_thermostat_winter_nightdegrees>8</input_takeaction_thermostat_winter_nightdegrees><input_takeaction_thermostat_winter_wdsetup>10</input_takeaction_thermostat_winter_wdsetup><input_takeaction_thermostat_winter_fueloilprice>200</input_takeaction_thermostat_winter_fueloilprice><input_takeaction_thermostat_winter_wdntsetup>8</input_takeaction_thermostat_winter_wdntsetup><input_takeaction_thermostat_winter_wesetup>10</input_takeaction_thermostat_winter_wesetup><input_takeaction_thermostat_winter_wentsetup>8</input_takeaction_thermostat_winter_wentsetup><input_takeaction_thermostat_summer>0</input_takeaction_thermostat_summer><input_takeaction_thermostat_summer_daydegrees>4</input_takeaction_thermostat_summer_daydegrees><input_takeaction_thermostat_summer_nightdegrees>4</input_takeaction_thermostat_summer_nightdegrees><input_takeaction_thermostat_summer_cdd>0</input_takeaction_thermostat_summer_cdd><input_takeaction_thermostat_summer_percentuse>1</input_takeaction_thermostat_summer_percentuse><input_takeaction_thermostat_summer_wdsetup>10</input_takeaction_thermostat_summer_wdsetup><input_takeaction_thermostat_summer_wdntsetup>8</input_takeaction_thermostat_summer_wdntsetup><input_takeaction_thermostat_summer_wesetup>10</input_takeaction_thermostat_summer_wesetup><input_takeaction_thermostat_summer_wentsetup>8</input_takeaction_thermostat_summer_wentsetup><input_takeaction_energy_star_fridge>0</input_takeaction_energy_star_fridge><input_takeaction_energy_star_fridge_fridgetype>5</input_takeaction_energy_star_fridge_fridgetype><input_takeaction_energy_star_fridge_fridgecost>30</input_takeaction_energy_star_fridge_fridgecost><input_takeaction_energy_star_fridge_fresh>14.75</input_takeaction_energy_star_fridge_fresh><input_takeaction_energy_star_fridge_freezer>6.76</input_takeaction_energy_star_fridge_freezer><input_takeaction_purchase_green_electricity>0</input_takeaction_purchase_green_electricity><input_takeaction_purchase_green_electricity_percentclean>1</input_takeaction_purchase_green_electricity_percentclean><input_takeaction_purchase_green_electricity_costclean>20</input_takeaction_purchase_green_electricity_costclean><input_takeaction_purchase_green_electricity_kwhcost>11</input_takeaction_purchase_green_electricity_kwhcost><input_takeaction_line_dry_clothing>0</input_takeaction_line_dry_clothing><input_takeaction_line_dry_clothing_percentdry>0.5</input_takeaction_line_dry_clothing_percentdry><input_takeaction_line_dry_clothing_dryerldwk>7</input_takeaction_line_dry_clothing_dryerldwk><input_takeaction_offset_housing>0</input_takeaction_offset_housing><input_takeaction_offset_housing_offset>20</input_takeaction_offset_housing_offset><input_takeaction_low_carbon_diet>0</input_takeaction_low_carbon_diet><input_takeaction_low_carbon_diet_meatfootprint>0.45</input_takeaction_low_carbon_diet_meatfootprint><input_takeaction_low_carbon_diet_dairyfootprint>0.65</input_takeaction_low_carbon_diet_dairyfootprint><input_takeaction_low_carbon_diet_fvfootprint>1.8</input_takeaction_low_carbon_diet_fvfootprint><input_takeaction_low_carbon_diet_cerealsfootprint>1.45</input_takeaction_low_carbon_diet_cerealsfootprint><input_takeaction_low_carbon_diet_otherfootprint>0.45</input_takeaction_low_carbon_diet_otherfootprint><input_takeaction_go_organic>0</input_takeaction_go_organic><input_takeaction_go_organic_myproduce>0.9</input_takeaction_go_organic_myproduce><input_takeaction_go_organic_mymeat>0.9</input_takeaction_go_organic_mymeat><input_takeaction_go_organic_mydairy>0.9</input_takeaction_go_organic_mydairy><input_takeaction_go_organic_eatorgproduce>0</input_takeaction_go_organic_eatorgproduce><input_takeaction_go_organic_eatorgmeat>0</input_takeaction_go_organic_eatorgmeat><input_takeaction_go_organic_eatorgdairy>0</input_takeaction_go_organic_eatorgdairy><input_takeaction_go_organic_pledgeorgprod>0.5</input_takeaction_go_organic_pledgeorgprod><input_takeaction_go_organic_pledgeorgmeat>0.5</input_takeaction_go_organic_pledgeorgmeat><input_takeaction_go_organic_pledgedairy>0.5</input_takeaction_go_organic_pledgedairy><input_takeaction_go_organic_myprodcost>1.6</input_takeaction_go_organic_myprodcost><input_takeaction_go_organic_mymeatcost>1.6</input_takeaction_go_organic_mymeatcost><input_takeaction_go_organic_mydairycost>1.6</input_takeaction_go_organic_mydairycost><input_takeaction_offset_shopping>0</input_takeaction_offset_shopping><input_takeaction_offset_shopping_offset>20</input_takeaction_offset_shopping_offset><result_takeaction_carfuel_reduction>0</result_takeaction_carfuel_reduction><result_takeaction_carmfg_reduction>0</result_takeaction_carmfg_reduction><result_takeaction_pubtrans_reduction>0</result_takeaction_pubtrans_reduction><result_takeaction_airtravel_reduction>0</result_takeaction_airtravel_reduction><result_takeaction_electricity_reduction>0</result_takeaction_electricity_reduction><result_takeaction_natgas_reduction>0</result_takeaction_natgas_reduction><result_takeaction_otherfuels_reduction>0</result_takeaction_otherfuels_reduction><result_takeaction_watersewage_reduction>0</result_takeaction_watersewage_reduction><result_takeaction_construction_reduction>0</result_takeaction_construction_reduction><result_takeaction_meat_reduction>0</result_takeaction_meat_reduction><result_takeaction_dairy_reduction>0</result_takeaction_dairy_reduction><result_takeaction_fruitsveg_reduction>0</result_takeaction_fruitsveg_reduction><result_takeaction_cereals_reduction>0</result_takeaction_cereals_reduction><result_takeaction_foodother_reduction>0</result_takeaction_foodother_reduction><result_takeaction_clothing_reduction>0</result_takeaction_clothing_reduction><result_takeaction_furniture_reduction>0</result_takeaction_furniture_reduction><result_takeaction_goodsother_reduction>0</result_takeaction_goodsother_reduction><result_takeaction_servicesall_reduction>0</result_takeaction_servicesall_reduction><result_takeaction_ride_my_bike_totalcalories>0</result_takeaction_ride_my_bike_totalcalories><result_takeaction_ride_my_bike_ghgper100cal>0</result_takeaction_ride_my_bike_ghgper100cal><result_takeaction_ride_my_bike_bikeghgs>0</result_takeaction_ride_my_bike_bikeghgs><result_takeaction_ride_my_bike_driveghgs>0</result_takeaction_ride_my_bike_driveghgs><result_takeaction_practice_eco_driving_dispmiles>0</result_takeaction_practice_eco_driving_dispmiles><result_takeaction_practice_eco_driving_mpg>0</result_takeaction_practice_eco_driving_mpg><result_takeaction_practice_eco_driving_newmpg>0</result_takeaction_practice_eco_driving_newmpg><result_takeaction_practice_eco_driving_galsaved>0</result_takeaction_practice_eco_driving_galsaved><result_takeaction_maintain_my_vehicles_mpg>0</result_takeaction_maintain_my_vehicles_mpg><result_takeaction_maintain_my_vehicles_dispmiles>0</result_takeaction_maintain_my_vehicles_dispmiles><result_takeaction_carpool_to_work_dep1k>0.05</result_takeaction_carpool_to_work_dep1k><result_takeaction_reduce_air_travel_pounds_from_flight>0</result_takeaction_reduce_air_travel_pounds_from_flight><result_takeaction_reduce_air_travel_totalmiles>0</result_takeaction_reduce_air_travel_totalmiles><result_takeaction_reduce_air_travel_miles_alt>0</result_takeaction_reduce_air_travel_miles_alt><result_takeaction_offset_transportation_transtonsleft>0</result_takeaction_offset_transportation_transtonsleft><result_takeaction_offset_transportation_transpledges>0</result_takeaction_offset_transportation_transpledges><result_takeaction_thermostat_winter_dollarstypical>0</result_takeaction_thermostat_winter_dollarstypical><result_takeaction_thermostat_winter_dollarsuse>0</result_takeaction_thermostat_winter_dollarsuse><result_takeaction_thermostat_winter_intensity>6283</result_takeaction_thermostat_winter_intensity><result_takeaction_thermostat_winter_gCO2fueltype>55</result_takeaction_thermostat_winter_gCO2fueltype><result_takeaction_thermostat_winter_pu>0</result_takeaction_thermostat_winter_pu><result_takeaction_thermostat_summer_dollarstypical>0</result_takeaction_thermostat_summer_dollarstypical><result_takeaction_thermostat_summer_kwhtypical>0</result_takeaction_thermostat_summer_kwhtypical><result_takeaction_thermostat_summer_dollarsuse>0</result_takeaction_thermostat_summer_dollarsuse><result_takeaction_thermostat_summer_kwhuse>0</result_takeaction_thermostat_summer_kwhuse><result_takeaction_energy_star_fridge_totvolume>21.51</result_takeaction_energy_star_fridge_totvolume><result_takeaction_energy_star_fridge_fridgekwh>662.84176</result_takeaction_energy_star_fridge_fridgekwh><result_takeaction_energy_star_fridge_ESfridgekwh>530.273408</result_takeaction_energy_star_fridge_ESfridgekwh><result_takeaction_purchase_green_electricity_kwhCO2yr>0</result_takeaction_purchase_green_electricity_kwhCO2yr><result_takeaction_line_dry_clothing_dryerkwhyr>1207.024</result_takeaction_line_dry_clothing_dryerkwhyr><result_takeaction_line_dry_clothing_dryercostyr>0</result_takeaction_line_dry_clothing_dryercostyr><result_takeaction_offset_housing_transtonsleft>0</result_takeaction_offset_housing_transtonsleft><result_takeaction_offset_housing_transpledges>0</result_takeaction_offset_housing_transpledges><result_takeaction_low_carbon_diet_meatcal>0</result_takeaction_low_carbon_diet_meatcal><result_takeaction_low_carbon_diet_dairycal>0</result_takeaction_low_carbon_diet_dairycal><result_takeaction_low_carbon_diet_fvcal>0</result_takeaction_low_carbon_diet_fvcal><result_takeaction_low_carbon_diet_cerealscal>0</result_takeaction_low_carbon_diet_cerealscal><result_takeaction_low_carbon_diet_othercal>0</result_takeaction_low_carbon_diet_othercal><result_takeaction_low_carbon_diet_totalcal>0</result_takeaction_low_carbon_diet_totalcal><result_takeaction_offset_shopping_transtonsleft>0.4038</result_takeaction_offset_shopping_transtonsleft><result_takeaction_offset_shopping_transpledges>0</result_takeaction_offset_shopping_transpledges><result_takeaction_pounds>{"more_efficient_vehicle":0,"telecommute_to_work":0,"ride_my_bike":0,"take_public_transportation":0,"practice_eco_driving":0,"maintain_my_vehicles":0,"carpool_to_work":0.85,"reduce_air_travel":0,"offset_transportation":0,"switch_to_cfl":0.5,"thermostat_winter":0,"thermostat_summer":0,"energy_star_fridge":0.13,"purchase_green_electricity":0,"line_dry_clothing":0.6,"offset_housing":0,"low_carbon_diet":0,"go_organic":0,"offset_shopping":0.4}</result_takeaction_pounds><result_takeaction_dollars>{"more_efficient_vehicle":0,"telecommute_to_work":0,"ride_my_bike":0,"take_public_transportation":0,"practice_eco_driving":0,"maintain_my_vehicles":0,"carpool_to_work":323.35,"reduce_air_travel":0,"offset_transportation":0,"switch_to_cfl":0,"thermostat_winter":0,"thermostat_summer":0,"energy_star_fridge":0,"purchase_green_electricity":0,"line_dry_clothing":0,"offset_housing":0,"low_carbon_diet":0,"go_organic":0,"offset_shopping":0}</result_takeaction_dollars><result_takeaction_net10yr>{"more_efficient_vehicle":2000,"telecommute_to_work":0,"ride_my_bike":0,"take_public_transportation":0,"practice_eco_driving":0,"maintain_my_vehicles":0,"carpool_to_work":0,"reduce_air_travel":0,"offset_transportation":0,"switch_to_cfl":10,"thermostat_winter":0,"thermostat_summer":0,"energy_star_fridge":30,"purchase_green_electricity":0,"line_dry_clothing":0,"offset_housing":0,"low_carbon_diet":0,"go_organic":0,"offset_shopping":8.08}</result_takeaction_net10yr><result_takeaction_transport_total>0</result_takeaction_transport_total><result_takeaction_housing_total>0</result_takeaction_housing_total><result_takeaction_shopping_food_total>0.4038</result_takeaction_shopping_food_total><result_takeaction_shopping_goods_total>0</result_takeaction_shopping_goods_total><result_takeaction_shopping_services_total>0</result_takeaction_shopping_services_total><result_takeaction_grand_total>0.4038</result_takeaction_grand_total></response>
Raw Score: 36
Raw Score: -64
SCORE IS HERE: 117
Score Saved in leaderboard.
2019-04-14 22:58:17.166  INFO 17085 --- [    Test worker] o.a.c.c.C.[Tomcat].[localhost].[/]       : Initializing Spring TestDispatcherServlet ''
2019-04-14 22:58:17.166  INFO 17085 --- [    Test worker] o.s.t.web.servlet.TestDispatcherServlet  : Initializing Servlet ''
2019-04-14 22:58:17.169  INFO 17085 --- [    Test worker] o.s.t.web.servlet.TestDispatcherServlet  : Completed initialization in 3 ms
2019-04-14 22:58:17.177  INFO 17085 --- [    Test worker] o.a.c.c.C.[Tomcat].[localhost].[/]       : Initializing Spring TestDispatcherServlet ''
2019-04-14 22:58:17.178  INFO 17085 --- [    Test worker] o.s.t.web.servlet.TestDispatcherServlet  : Initializing Servlet ''
2019-04-14 22:58:17.181  INFO 17085 --- [    Test worker] o.s.t.web.servlet.TestDispatcherServlet  : Completed initialization in 2 ms
]]></system-out>
  <system-err><![CDATA[]]></system-err>
</testsuite>
